<?xml version="1.0" ?>
<coverage version="7.12.0" timestamp="1767971105690" lines-valid="5890" lines-covered="5178" line-rate="0.8791" branches-valid="1956" branches-covered="1574" branch-rate="0.8047" complexity="0">
	<!-- Generated by coverage.py: https://coverage.readthedocs.io/en/7.12.0 -->
	<!-- Based on https://raw.githubusercontent.com/cobertura/web/master/htdocs/xml/coverage-04.dtd -->
	<sources>
		<source>/home/brandon_behring/Claude/temporalcv</source>
	</sources>
	<packages>
		<package name="src.temporalcv" line-rate="0.9284" branch-rate="0.8518" complexity="0">
			<classes>
				<class name="__init__.py" filename="src/temporalcv/__init__.py" complexity="0" line-rate="1" branch-rate="1">
					<methods/>
					<lines>
						<line number="45" hits="1"/>
						<line number="47" hits="1"/>
						<line number="51" hits="1"/>
						<line number="65" hits="1"/>
						<line number="77" hits="1"/>
						<line number="90" hits="1"/>
						<line number="102" hits="1"/>
						<line number="112" hits="1"/>
						<line number="118" hits="1"/>
						<line number="134" hits="1"/>
						<line number="145" hits="1"/>
						<line number="151" hits="1"/>
						<line number="165" hits="1"/>
						<line number="206" hits="1"/>
						<line number="218" hits="1"/>
						<line number="229" hits="1"/>
						<line number="241" hits="1"/>
						<line number="268" hits="1"/>
						<line number="277" hits="1"/>
					</lines>
				</class>
				<class name="changepoint.py" filename="src/temporalcv/changepoint.py" complexity="0" line-rate="0.7714" branch-rate="0.7317">
					<methods/>
					<lines>
						<line number="23" hits="1"/>
						<line number="25" hits="1"/>
						<line number="26" hits="1"/>
						<line number="28" hits="1"/>
						<line number="29" hits="1"/>
						<line number="32" hits="1"/>
						<line number="33" hits="1"/>
						<line number="35" hits="1"/>
						<line number="36" hits="0"/>
						<line number="37" hits="0"/>
						<line number="38" hits="0"/>
						<line number="41" hits="1"/>
						<line number="42" hits="1"/>
						<line number="44" hits="0"/>
						<line number="45" hits="1"/>
						<line number="46" hits="1"/>
						<line number="47" hits="1"/>
						<line number="50" hits="1"/>
						<line number="51" hits="1"/>
						<line number="66" hits="1"/>
						<line number="67" hits="1"/>
						<line number="68" hits="1"/>
						<line number="69" hits="1"/>
						<line number="72" hits="1"/>
						<line number="73" hits="1"/>
						<line number="88" hits="1"/>
						<line number="89" hits="1"/>
						<line number="90" hits="1"/>
						<line number="91" hits="1"/>
						<line number="94" hits="1"/>
						<line number="138" hits="1"/>
						<line number="139" hits="1"/>
						<line number="141" hits="1" branch="true" condition-coverage="100% (2/2)"/>
						<line number="142" hits="1"/>
						<line number="149" hits="1"/>
						<line number="150" hits="1"/>
						<line number="152" hits="1"/>
						<line number="154" hits="1" branch="true" condition-coverage="100% (2/2)"/>
						<line number="155" hits="1"/>
						<line number="156" hits="1" branch="true" condition-coverage="100% (2/2)"/>
						<line number="158" hits="1"/>
						<line number="165" hits="1"/>
						<line number="169" hits="1"/>
						<line number="170" hits="1" branch="true" condition-coverage="100% (2/2)"/>
						<line number="171" hits="1"/>
						<line number="172" hits="1"/>
						<line number="173" hits="1"/>
						<line number="176" hits="1"/>
						<line number="177" hits="1" branch="true" condition-coverage="100% (2/2)"/>
						<line number="178" hits="1" branch="true" condition-coverage="100% (2/2)"/>
						<line number="180" hits="1"/>
						<line number="181" hits="1" branch="true" condition-coverage="100% (2/2)"/>
						<line number="182" hits="1" branch="true" condition-coverage="100% (2/2)"/>
						<line number="183" hits="1"/>
						<line number="184" hits="1"/>
						<line number="185" hits="1" branch="true" condition-coverage="100% (2/2)"/>
						<line number="186" hits="1" branch="true" condition-coverage="100% (2/2)"/>
						<line number="187" hits="1"/>
						<line number="188" hits="1"/>
						<line number="190" hits="1" branch="true" condition-coverage="100% (2/2)"/>
						<line number="192" hits="1" branch="true" condition-coverage="50% (1/2)" missing-branches="177"/>
						<line number="193" hits="1"/>
						<line number="197" hits="1"/>
						<line number="199" hits="1"/>
						<line number="207" hits="1"/>
						<line number="267" hits="1" branch="true" condition-coverage="50% (1/2)" missing-branches="272"/>
						<line number="268" hits="1"/>
						<line number="272" hits="0"/>
						<line number="273" hits="0"/>
						<line number="275" hits="0" branch="true" condition-coverage="0% (0/2)" missing-branches="276,279"/>
						<line number="276" hits="0"/>
						<line number="279" hits="0" branch="true" condition-coverage="0% (0/2)" missing-branches="280,281"/>
						<line number="280" hits="0"/>
						<line number="281" hits="0" branch="true" condition-coverage="0% (0/2)" missing-branches="282,283"/>
						<line number="282" hits="0"/>
						<line number="283" hits="0" branch="true" condition-coverage="0% (0/2)" missing-branches="284,286"/>
						<line number="284" hits="0"/>
						<line number="286" hits="0"/>
						<line number="289" hits="0"/>
						<line number="292" hits="0" branch="true" condition-coverage="0% (0/2)" missing-branches="293,302"/>
						<line number="293" hits="0" branch="true" condition-coverage="0% (0/2)" missing-branches="295,296"/>
						<line number="295" hits="0"/>
						<line number="296" hits="0" branch="true" condition-coverage="0% (0/2)" missing-branches="298,300"/>
						<line number="298" hits="0"/>
						<line number="300" hits="0"/>
						<line number="302" hits="0"/>
						<line number="306" hits="0"/>
						<line number="309" hits="0"/>
						<line number="312" hits="0"/>
						<line number="313" hits="0" branch="true" condition-coverage="0% (0/2)" missing-branches="315,327"/>
						<line number="315" hits="0"/>
						<line number="316" hits="0"/>
						<line number="317" hits="0"/>
						<line number="318" hits="0"/>
						<line number="319" hits="0"/>
						<line number="321" hits="0"/>
						<line number="325" hits="0"/>
						<line number="327" hits="0"/>
						<line number="335" hits="1"/>
						<line number="375" hits="1" branch="true" condition-coverage="100% (2/2)"/>
						<line number="376" hits="1"/>
						<line number="378" hits="1" branch="true" condition-coverage="50% (1/2)" missing-branches="379"/>
						<line number="379" hits="0"/>
						<line number="385" hits="1" branch="true" condition-coverage="100% (2/2)"/>
						<line number="387" hits="1" branch="true" condition-coverage="50% (1/2)" missing-branches="390"/>
						<line number="388" hits="1"/>
						<line number="390" hits="0"/>
						<line number="391" hits="1"/>
						<line number="398" hits="1"/>
						<line number="401" hits="1"/>
						<line number="438" hits="1"/>
						<line number="439" hits="1"/>
						<line number="442" hits="1" branch="true" condition-coverage="100% (2/2)"/>
						<line number="443" hits="1"/>
						<line number="445" hits="1"/>
						<line number="448" hits="1"/>
						<line number="451" hits="1"/>
						<line number="452" hits="1" branch="true" condition-coverage="100% (2/2)"/>
						<line number="453" hits="1"/>
						<line number="454" hits="1" branch="true" condition-coverage="100% (2/2)"/>
						<line number="455" hits="1"/>
						<line number="456" hits="1" branch="true" condition-coverage="100% (2/2)"/>
						<line number="457" hits="1"/>
						<line number="458" hits="1" branch="true" condition-coverage="100% (2/2)"/>
						<line number="459" hits="1" branch="true" condition-coverage="50% (1/2)" missing-branches="462"/>
						<line number="460" hits="1"/>
						<line number="462" hits="0"/>
						<line number="464" hits="1"/>
						<line number="465" hits="1"/>
						<line number="468" hits="1" branch="true" condition-coverage="100% (2/2)"/>
						<line number="469" hits="1"/>
						<line number="472" hits="1" branch="true" condition-coverage="50% (1/2)" missing-branches="473"/>
						<line number="473" hits="0"/>
						<line number="474" hits="0"/>
						<line number="477" hits="1"/>
						<line number="478" hits="1"/>
						<line number="479" hits="1"/>
						<line number="482" hits="1"/>
						<line number="483" hits="1" branch="true" condition-coverage="100% (2/2)"/>
						<line number="484" hits="1"/>
						<line number="485" hits="1" branch="true" condition-coverage="100% (2/2)"/>
						<line number="486" hits="1"/>
						<line number="487" hits="1" branch="true" condition-coverage="100% (2/2)"/>
						<line number="488" hits="1"/>
						<line number="490" hits="1"/>
						<line number="491" hits="1"/>
						<line number="494" hits="1"/>
						<line number="495" hits="1"/>
						<line number="498" hits="1"/>
						<line number="534" hits="1"/>
						<line number="535" hits="1"/>
						<line number="538" hits="1" branch="true" condition-coverage="100% (2/2)"/>
						<line number="539" hits="1"/>
						<line number="541" hits="1"/>
						<line number="543" hits="1"/>
						<line number="546" hits="1"/>
						<line number="547" hits="1"/>
						<line number="548" hits="1" branch="true" condition-coverage="100% (2/2)"/>
						<line number="549" hits="1" branch="true" condition-coverage="100% (2/2)"/>
						<line number="550" hits="1"/>
						<line number="551" hits="1" branch="true" condition-coverage="100% (2/2)"/>
						<line number="552" hits="1"/>
						<line number="554" hits="1"/>
						<line number="557" hits="1"/>
						<line number="560" hits="1"/>
						<line number="563" hits="1"/>
						<line number="564" hits="1"/>
						<line number="565" hits="1"/>
						<line number="567" hits="1"/>
						<line number="577" hits="1"/>
						<line number="601" hits="1" branch="true" condition-coverage="100% (2/2)"/>
						<line number="602" hits="1"/>
						<line number="604" hits="1"/>
						<line number="606" hits="1"/>
						<line number="608" hits="1"/>
					</lines>
				</class>
				<class name="conformal.py" filename="src/temporalcv/conformal.py" complexity="0" line-rate="0.96" branch-rate="0.8879">
					<methods/>
					<lines>
						<line number="49" hits="1"/>
						<line number="51" hits="1"/>
						<line number="52" hits="1"/>
						<line number="53" hits="1"/>
						<line number="54" hits="1"/>
						<line number="56" hits="1"/>
						<line number="58" hits="1"/>
						<line number="61" hits="1"/>
						<line number="62" hits="1"/>
						<line number="91" hits="1"/>
						<line number="92" hits="1"/>
						<line number="93" hits="1"/>
						<line number="94" hits="1"/>
						<line number="95" hits="1"/>
						<line number="97" hits="1"/>
						<line number="98" hits="1"/>
						<line number="100" hits="1"/>
						<line number="101" hits="1"/>
						<line number="103" hits="1"/>
						<line number="104" hits="1"/>
						<line number="106" hits="1"/>
						<line number="108" hits="1"/>
						<line number="122" hits="1"/>
						<line number="123" hits="1"/>
						<line number="124" hits="1"/>
						<line number="126" hits="1"/>
						<line number="128" hits="1"/>
						<line number="138" hits="1"/>
						<line number="177" hits="1"/>
						<line number="191" hits="1" branch="true" condition-coverage="100% (2/2)"/>
						<line number="192" hits="1"/>
						<line number="194" hits="1"/>
						<line number="195" hits="1"/>
						<line number="197" hits="1"/>
						<line number="237" hits="1"/>
						<line number="244" hits="1"/>
						<line number="245" hits="1"/>
						<line number="248" hits="1" branch="true" condition-coverage="50% (1/2)" missing-branches="249"/>
						<line number="249" hits="0"/>
						<line number="253" hits="1" branch="true" condition-coverage="50% (1/2)" missing-branches="254"/>
						<line number="254" hits="0"/>
						<line number="259" hits="1" branch="true" condition-coverage="100% (2/2)"/>
						<line number="260" hits="1"/>
						<line number="265" hits="1" branch="true" condition-coverage="100% (2/2)"/>
						<line number="266" hits="1"/>
						<line number="272" hits="1"/>
						<line number="273" hits="1" branch="true" condition-coverage="50% (1/2)" missing-branches="274"/>
						<line number="274" hits="0"/>
						<line number="282" hits="1" branch="true" condition-coverage="100% (2/2)"/>
						<line number="283" hits="1"/>
						<line number="291" hits="1"/>
						<line number="296" hits="1"/>
						<line number="297" hits="1"/>
						<line number="298" hits="1"/>
						<line number="300" hits="1"/>
						<line number="302" hits="1"/>
						<line number="304" hits="1"/>
						<line number="326" hits="1" branch="true" condition-coverage="100% (2/2)"/>
						<line number="327" hits="1"/>
						<line number="329" hits="1"/>
						<line number="331" hits="1"/>
						<line number="332" hits="1"/>
						<line number="334" hits="1"/>
						<line number="343" hits="1"/>
						<line number="388" hits="1"/>
						<line number="408" hits="1" branch="true" condition-coverage="100% (2/2)"/>
						<line number="409" hits="1"/>
						<line number="410" hits="1" branch="true" condition-coverage="100% (2/2)"/>
						<line number="411" hits="1"/>
						<line number="413" hits="1"/>
						<line number="414" hits="1"/>
						<line number="415" hits="1"/>
						<line number="416" hits="1"/>
						<line number="418" hits="1"/>
						<line number="438" hits="1"/>
						<line number="439" hits="1"/>
						<line number="441" hits="1"/>
						<line number="442" hits="1"/>
						<line number="444" hits="1" branch="true" condition-coverage="100% (2/2)"/>
						<line number="445" hits="1"/>
						<line number="448" hits="1"/>
						<line number="449" hits="1"/>
						<line number="451" hits="1"/>
						<line number="452" hits="1"/>
						<line number="454" hits="1"/>
						<line number="456" hits="1"/>
						<line number="481" hits="1" branch="true" condition-coverage="100% (2/2)"/>
						<line number="482" hits="1"/>
						<line number="485" hits="1"/>
						<line number="486" hits="1"/>
						<line number="489" hits="1" branch="true" condition-coverage="100% (2/2)"/>
						<line number="491" hits="1"/>
						<line number="494" hits="1"/>
						<line number="496" hits="1"/>
						<line number="497" hits="1"/>
						<line number="499" hits="1"/>
						<line number="501" hits="1"/>
						<line number="523" hits="1" branch="true" condition-coverage="100% (2/2)"/>
						<line number="524" hits="1"/>
						<line number="526" hits="1"/>
						<line number="527" hits="1"/>
						<line number="529" hits="1"/>
						<line number="531" hits="1"/>
						<line number="532" hits="1"/>
						<line number="534" hits="1"/>
						<line number="537" hits="1"/>
						<line number="614" hits="1"/>
						<line number="643" hits="1" branch="true" condition-coverage="100% (2/2)"/>
						<line number="644" hits="1"/>
						<line number="645" hits="1" branch="true" condition-coverage="100% (2/2)"/>
						<line number="646" hits="1"/>
						<line number="647" hits="1" branch="true" condition-coverage="100% (2/2)"/>
						<line number="648" hits="1"/>
						<line number="649" hits="1" branch="true" condition-coverage="50% (1/2)" missing-branches="650"/>
						<line number="650" hits="0"/>
						<line number="651" hits="1" branch="true" condition-coverage="50% (1/2)" missing-branches="652"/>
						<line number="652" hits="0"/>
						<line number="654" hits="1"/>
						<line number="655" hits="1"/>
						<line number="656" hits="1"/>
						<line number="657" hits="1"/>
						<line number="658" hits="1"/>
						<line number="661" hits="1"/>
						<line number="662" hits="1"/>
						<line number="663" hits="1"/>
						<line number="664" hits="1"/>
						<line number="665" hits="1"/>
						<line number="667" hits="1"/>
						<line number="692" hits="1"/>
						<line number="693" hits="1"/>
						<line number="695" hits="1" branch="true" condition-coverage="100% (2/2)"/>
						<line number="696" hits="1"/>
						<line number="699" hits="1"/>
						<line number="700" hits="1"/>
						<line number="703" hits="1"/>
						<line number="704" hits="1"/>
						<line number="706" hits="1"/>
						<line number="707" hits="1"/>
						<line number="709" hits="1"/>
						<line number="712" hits="1"/>
						<line number="715" hits="1"/>
						<line number="716" hits="1"/>
						<line number="717" hits="1"/>
						<line number="718" hits="1"/>
						<line number="719" hits="1"/>
						<line number="721" hits="1"/>
						<line number="723" hits="1"/>
						<line number="731" hits="1" branch="true" condition-coverage="50% (1/2)" missing-branches="732"/>
						<line number="732" hits="0"/>
						<line number="734" hits="1"/>
						<line number="735" hits="1"/>
						<line number="739" hits="1"/>
						<line number="742" hits="1"/>
						<line number="746" hits="1"/>
						<line number="748" hits="1"/>
						<line number="751" hits="1"/>
						<line number="753" hits="1"/>
						<line number="756" hits="1" branch="true" condition-coverage="100% (2/2)"/>
						<line number="757" hits="1" branch="true" condition-coverage="100% (2/2)"/>
						<line number="759" hits="1"/>
						<line number="761" hits="1" branch="true" condition-coverage="100% (2/2)"/>
						<line number="763" hits="1"/>
						<line number="764" hits="1" branch="true" condition-coverage="100% (2/2)"/>
						<line number="765" hits="1"/>
						<line number="768" hits="1"/>
						<line number="771" hits="1"/>
						<line number="774" hits="1"/>
						<line number="776" hits="1" branch="true" condition-coverage="100% (2/2)"/>
						<line number="777" hits="1"/>
						<line number="780" hits="1" branch="true" condition-coverage="50% (1/2)" missing-branches="781"/>
						<line number="781" hits="0"/>
						<line number="783" hits="1"/>
						<line number="785" hits="1"/>
						<line number="787" hits="1"/>
						<line number="801" hits="1" branch="true" condition-coverage="50% (1/2)" missing-branches="802"/>
						<line number="802" hits="0"/>
						<line number="804" hits="1" branch="true" condition-coverage="50% (1/2)" missing-branches="805"/>
						<line number="805" hits="0"/>
						<line number="807" hits="1"/>
						<line number="810" hits="1"/>
						<line number="813" hits="1"/>
						<line number="814" hits="1"/>
						<line number="816" hits="1" branch="true" condition-coverage="100% (2/2)"/>
						<line number="818" hits="1"/>
						<line number="819" hits="1" branch="true" condition-coverage="100% (2/2)"/>
						<line number="820" hits="1"/>
						<line number="823" hits="1"/>
						<line number="824" hits="1"/>
						<line number="827" hits="1"/>
						<line number="829" hits="1"/>
						<line number="831" hits="1" branch="true" condition-coverage="100% (2/2)"/>
						<line number="832" hits="1"/>
						<line number="833" hits="1"/>
						<line number="835" hits="1"/>
						<line number="837" hits="1"/>
						<line number="862" hits="1" branch="true" condition-coverage="50% (1/2)" missing-branches="863"/>
						<line number="863" hits="0"/>
						<line number="866" hits="1"/>
						<line number="867" hits="1"/>
						<line number="870" hits="1"/>
						<line number="874" hits="1" branch="true" condition-coverage="100% (2/2)"/>
						<line number="876" hits="1"/>
						<line number="879" hits="1"/>
						<line number="882" hits="1"/>
						<line number="883" hits="1"/>
						<line number="885" hits="1"/>
						<line number="888" hits="1"/>
						<line number="891" hits="1" branch="true" condition-coverage="100% (2/2)"/>
						<line number="893" hits="1"/>
						<line number="894" hits="1"/>
						<line number="896" hits="1"/>
						<line number="898" hits="1"/>
						<line number="920" hits="1" branch="true" condition-coverage="100% (2/2)"/>
						<line number="921" hits="1"/>
						<line number="923" hits="1"/>
						<line number="924" hits="1"/>
						<line number="926" hits="1"/>
						<line number="928" hits="1"/>
						<line number="962" hits="1" branch="true" condition-coverage="50% (1/2)" missing-branches="963"/>
						<line number="963" hits="0"/>
						<line number="965" hits="1"/>
						<line number="966" hits="1" branch="true" condition-coverage="50% (1/2)" missing-branches="968"/>
						<line number="967" hits="1"/>
						<line number="968" hits="1"/>
						<line number="971" hits="1"/>
						<line number="972" hits="1"/>
						<line number="974" hits="1" branch="true" condition-coverage="100% (2/2)"/>
						<line number="975" hits="1"/>
						<line number="976" hits="1"/>
						<line number="978" hits="1"/>
						<line number="980" hits="1"/>
						<line number="1000" hits="1"/>
						<line number="1001" hits="1"/>
						<line number="1003" hits="1"/>
						<line number="1004" hits="1"/>
						<line number="1006" hits="1"/>
						<line number="1014" hits="1"/>
						<line number="1015" hits="1"/>
						<line number="1017" hits="1"/>
						<line number="1020" hits="1"/>
						<line number="1052" hits="1"/>
						<line number="1070" hits="1" branch="true" condition-coverage="100% (2/2)"/>
						<line number="1071" hits="1"/>
						<line number="1072" hits="1" branch="true" condition-coverage="100% (2/2)"/>
						<line number="1073" hits="1"/>
						<line number="1075" hits="1"/>
						<line number="1076" hits="1"/>
						<line number="1077" hits="1"/>
						<line number="1078" hits="1"/>
						<line number="1080" hits="1"/>
						<line number="1100" hits="1"/>
						<line number="1101" hits="1"/>
						<line number="1103" hits="1" branch="true" condition-coverage="100% (2/2)"/>
						<line number="1104" hits="1"/>
						<line number="1109" hits="1"/>
						<line number="1110" hits="1"/>
						<line number="1112" hits="1"/>
						<line number="1129" hits="1" branch="true" condition-coverage="100% (2/2)"/>
						<line number="1130" hits="1"/>
						<line number="1132" hits="1"/>
						<line number="1133" hits="1"/>
						<line number="1136" hits="1"/>
						<line number="1137" hits="1"/>
						<line number="1139" hits="1" branch="true" condition-coverage="100% (2/2)"/>
						<line number="1141" hits="1"/>
						<line number="1142" hits="1"/>
						<line number="1145" hits="1"/>
						<line number="1146" hits="1"/>
						<line number="1148" hits="1"/>
						<line number="1149" hits="1"/>
						<line number="1151" hits="1"/>
						<line number="1160" hits="1"/>
						<line number="1196" hits="1"/>
						<line number="1198" hits="1"/>
						<line number="1199" hits="1"/>
						<line number="1200" hits="1"/>
						<line number="1203" hits="1"/>
						<line number="1206" hits="1"/>
						<line number="1207" hits="1" branch="true" condition-coverage="100% (2/2)"/>
						<line number="1209" hits="1"/>
						<line number="1210" hits="1"/>
						<line number="1211" hits="1"/>
						<line number="1213" hits="1"/>
						<line number="1214" hits="1" branch="true" condition-coverage="100% (2/2)"/>
						<line number="1215" hits="1"/>
						<line number="1216" hits="1"/>
						<line number="1217" hits="1"/>
						<line number="1218" hits="1"/>
						<line number="1219" hits="1"/>
						<line number="1220" hits="1"/>
						<line number="1222" hits="1"/>
						<line number="1223" hits="1"/>
						<line number="1224" hits="1" branch="true" condition-coverage="100% (2/2)"/>
						<line number="1225" hits="1"/>
						<line number="1227" hits="1"/>
						<line number="1229" hits="1"/>
						<line number="1230" hits="1"/>
						<line number="1231" hits="1"/>
						<line number="1235" hits="1"/>
						<line number="1236" hits="1"/>
						<line number="1237" hits="1"/>
						<line number="1238" hits="1"/>
						<line number="1239" hits="1"/>
						<line number="1247" hits="1"/>
						<line number="1260" hits="1"/>
						<line number="1313" hits="1"/>
						<line number="1314" hits="1"/>
						<line number="1315" hits="1"/>
						<line number="1317" hits="1" branch="true" condition-coverage="100% (2/2)"/>
						<line number="1318" hits="1"/>
						<line number="1320" hits="1"/>
						<line number="1322" hits="1" branch="true" condition-coverage="100% (2/2)"/>
						<line number="1323" hits="1"/>
						<line number="1328" hits="1"/>
						<line number="1329" hits="1" branch="true" condition-coverage="100% (2/2)"/>
						<line number="1330" hits="1"/>
						<line number="1336" hits="1"/>
						<line number="1337" hits="1"/>
						<line number="1340" hits="1"/>
						<line number="1341" hits="1"/>
						<line number="1343" hits="1"/>
						<line number="1344" hits="1"/>
						<line number="1347" hits="1"/>
						<line number="1348" hits="1"/>
						<line number="1349" hits="1"/>
						<line number="1350" hits="1"/>
						<line number="1352" hits="1"/>
						<line number="1360" hits="1"/>
						<line number="1361" hits="1"/>
						<line number="1385" hits="1"/>
						<line number="1386" hits="1"/>
						<line number="1387" hits="1"/>
						<line number="1388" hits="1"/>
						<line number="1389" hits="1"/>
						<line number="1390" hits="1"/>
						<line number="1391" hits="1"/>
						<line number="1394" hits="1"/>
						<line number="1458" hits="1"/>
						<line number="1459" hits="1"/>
						<line number="1461" hits="1" branch="true" condition-coverage="100% (2/2)"/>
						<line number="1462" hits="1"/>
						<line number="1467" hits="1" branch="true" condition-coverage="100% (2/2)"/>
						<line number="1468" hits="1"/>
						<line number="1471" hits="1"/>
						<line number="1472" hits="1"/>
						<line number="1475" hits="1"/>
						<line number="1476" hits="1"/>
						<line number="1478" hits="1" branch="true" condition-coverage="100% (2/2)"/>
						<line number="1479" hits="1"/>
						<line number="1480" hits="1"/>
						<line number="1481" hits="1"/>
						<line number="1482" hits="1"/>
						<line number="1483" hits="1"/>
						<line number="1486" hits="1" branch="true" condition-coverage="50% (1/2)" missing-branches="1487"/>
						<line number="1487" hits="0"/>
						<line number="1488" hits="0"/>
						<line number="1489" hits="0"/>
						<line number="1490" hits="0"/>
						<line number="1493" hits="1"/>
						<line number="1494" hits="1" branch="true" condition-coverage="100% (2/2)"/>
						<line number="1495" hits="1"/>
						<line number="1496" hits="1" branch="true" condition-coverage="100% (2/2)"/>
						<line number="1497" hits="1"/>
						<line number="1499" hits="1"/>
						<line number="1500" hits="1"/>
						<line number="1501" hits="1" branch="true" condition-coverage="100% (2/2)"/>
						<line number="1502" hits="1"/>
						<line number="1503" hits="1"/>
						<line number="1504" hits="1"/>
						<line number="1507" hits="1"/>
						<line number="1508" hits="1"/>
						<line number="1510" hits="1" branch="true" condition-coverage="100% (2/2)"/>
						<line number="1511" hits="1"/>
						<line number="1519" hits="1"/>
						<line number="1534" hits="1"/>
					</lines>
				</class>
				<class name="cv.py" filename="src/temporalcv/cv.py" complexity="0" line-rate="0.9037" branch-rate="0.8165">
					<methods/>
					<lines>
						<line number="43" hits="1"/>
						<line number="45" hits="1"/>
						<line number="46" hits="1"/>
						<line number="47" hits="1"/>
						<line number="48" hits="1"/>
						<line number="50" hits="1"/>
						<line number="51" hits="1"/>
						<line number="52" hits="1"/>
						<line number="53" hits="1"/>
						<line number="55" hits="1"/>
						<line number="58" hits="1"/>
						<line number="59" hits="1"/>
						<line number="97" hits="1"/>
						<line number="98" hits="1"/>
						<line number="99" hits="1"/>
						<line number="100" hits="1"/>
						<line number="101" hits="1"/>
						<line number="103" hits="1"/>
						<line number="104" hits="1"/>
						<line number="105" hits="1"/>
						<line number="106" hits="1"/>
						<line number="108" hits="1"/>
						<line number="109" hits="1"/>
						<line number="111" hits="1"/>
						<line number="113" hits="1"/>
						<line number="114" hits="1"/>
						<line number="116" hits="1"/>
						<line number="118" hits="1"/>
						<line number="119" hits="1"/>
						<line number="121" hits="1"/>
						<line number="123" hits="1"/>
						<line number="124" hits="1"/>
						<line number="126" hits="1"/>
						<line number="128" hits="1"/>
						<line number="130" hits="1" branch="true" condition-coverage="100% (2/2)"/>
						<line number="131" hits="1"/>
						<line number="136" hits="1"/>
						<line number="137" hits="1"/>
						<line number="181" hits="1"/>
						<line number="182" hits="1"/>
						<line number="183" hits="1"/>
						<line number="184" hits="1"/>
						<line number="185" hits="1"/>
						<line number="186" hits="1"/>
						<line number="187" hits="1"/>
						<line number="189" hits="1"/>
						<line number="190" hits="1"/>
						<line number="191" hits="1"/>
						<line number="192" hits="1"/>
						<line number="194" hits="1"/>
						<line number="195" hits="1"/>
						<line number="197" hits="1"/>
						<line number="199" hits="1"/>
						<line number="200" hits="1"/>
						<line number="202" hits="1"/>
						<line number="204" hits="1"/>
						<line number="205" hits="1"/>
						<line number="207" hits="1"/>
						<line number="209" hits="1"/>
						<line number="210" hits="1"/>
						<line number="212" hits="1"/>
						<line number="214" hits="1"/>
						<line number="215" hits="1"/>
						<line number="217" hits="1"/>
						<line number="219" hits="1"/>
						<line number="220" hits="1"/>
						<line number="222" hits="1"/>
						<line number="224" hits="1"/>
						<line number="225" hits="1"/>
						<line number="227" hits="1"/>
						<line number="229" hits="1"/>
						<line number="230" hits="1"/>
						<line number="232" hits="1"/>
						<line number="234" hits="1"/>
						<line number="235" hits="1"/>
						<line number="237" hits="1"/>
						<line number="239" hits="1"/>
						<line number="241" hits="1"/>
						<line number="254" hits="1"/>
						<line number="255" hits="1"/>
						<line number="293" hits="1"/>
						<line number="294" hits="1"/>
						<line number="296" hits="1"/>
						<line number="298" hits="1" branch="true" condition-coverage="100% (2/2)"/>
						<line number="299" hits="1"/>
						<line number="301" hits="1"/>
						<line number="302" hits="1"/>
						<line number="304" hits="1"/>
						<line number="306" hits="1"/>
						<line number="307" hits="1"/>
						<line number="309" hits="1"/>
						<line number="311" hits="1"/>
						<line number="312" hits="1"/>
						<line number="314" hits="1"/>
						<line number="316" hits="1"/>
						<line number="317" hits="1"/>
						<line number="319" hits="1"/>
						<line number="321" hits="1"/>
						<line number="322" hits="1"/>
						<line number="324" hits="1"/>
						<line number="326" hits="1"/>
						<line number="327" hits="1"/>
						<line number="329" hits="1"/>
						<line number="331" hits="1"/>
						<line number="332" hits="1"/>
						<line number="334" hits="1"/>
						<line number="336" hits="1"/>
						<line number="337" hits="1"/>
						<line number="339" hits="1"/>
						<line number="341" hits="1"/>
						<line number="342" hits="1"/>
						<line number="344" hits="0"/>
						<line number="346" hits="1"/>
						<line number="347" hits="1"/>
						<line number="349" hits="1"/>
						<line number="351" hits="1"/>
						<line number="353" hits="1"/>
						<line number="364" hits="1"/>
						<line number="382" hits="0"/>
						<line number="383" hits="0"/>
						<line number="384" hits="0"/>
						<line number="385" hits="0"/>
						<line number="387" hits="0"/>
						<line number="388" hits="0" branch="true" condition-coverage="0% (0/2)" missing-branches="389,402"/>
						<line number="389" hits="0" branch="true" condition-coverage="0% (0/2)" missing-branches="388,390"/>
						<line number="390" hits="0"/>
						<line number="397" hits="0" branch="true" condition-coverage="0% (0/2)" missing-branches="399,400"/>
						<line number="399" hits="0"/>
						<line number="400" hits="0"/>
						<line number="402" hits="0"/>
						<line number="404" hits="1"/>
						<line number="406" hits="1"/>
						<line number="419" hits="1" branch="true" condition-coverage="100% (2/2)"/>
						<line number="420" hits="1"/>
						<line number="422" hits="1"/>
						<line number="425" hits="1"/>
						<line number="426" hits="1"/>
						<line number="477" hits="1"/>
						<line number="478" hits="1"/>
						<line number="479" hits="1"/>
						<line number="480" hits="1"/>
						<line number="481" hits="1"/>
						<line number="482" hits="1"/>
						<line number="483" hits="1"/>
						<line number="484" hits="1"/>
						<line number="485" hits="1"/>
						<line number="486" hits="1"/>
						<line number="489" hits="1"/>
						<line number="560" hits="1"/>
						<line number="571" hits="1" branch="true" condition-coverage="100% (2/2)"/>
						<line number="572" hits="1"/>
						<line number="574" hits="1" branch="true" condition-coverage="100% (2/2)"/>
						<line number="575" hits="1"/>
						<line number="577" hits="1" branch="true" condition-coverage="100% (2/2)"/>
						<line number="578" hits="1"/>
						<line number="580" hits="1" branch="true" condition-coverage="100% (2/2)"/>
						<line number="581" hits="1"/>
						<line number="583" hits="1" branch="true" condition-coverage="100% (2/2)"/>
						<line number="584" hits="1"/>
						<line number="586" hits="1" branch="true" condition-coverage="100% (2/2)"/>
						<line number="587" hits="1"/>
						<line number="589" hits="1" branch="true" condition-coverage="100% (2/2)"/>
						<line number="590" hits="1"/>
						<line number="598" hits="1"/>
						<line number="599" hits="1"/>
						<line number="600" hits="1"/>
						<line number="601" hits="1"/>
						<line number="602" hits="1"/>
						<line number="603" hits="1"/>
						<line number="605" hits="1"/>
						<line number="607" hits="1" branch="true" condition-coverage="50% (1/2)" missing-branches="609"/>
						<line number="608" hits="1"/>
						<line number="609" hits="0"/>
						<line number="611" hits="1"/>
						<line number="624" hits="1"/>
						<line number="627" hits="1" branch="true" condition-coverage="100% (2/2)"/>
						<line number="628" hits="1"/>
						<line number="629" hits="1"/>
						<line number="632" hits="1" branch="true" condition-coverage="100% (2/2)"/>
						<line number="633" hits="1"/>
						<line number="638" hits="1"/>
						<line number="639" hits="1"/>
						<line number="640" hits="1"/>
						<line number="641" hits="1"/>
						<line number="644" hits="1"/>
						<line number="645" hits="1"/>
						<line number="646" hits="1" branch="true" condition-coverage="100% (2/2)"/>
						<line number="647" hits="1"/>
						<line number="656" hits="1" branch="true" condition-coverage="100% (2/2)"/>
						<line number="660" hits="1"/>
						<line number="661" hits="1"/>
						<line number="662" hits="1"/>
						<line number="666" hits="1"/>
						<line number="667" hits="1"/>
						<line number="669" hits="1" branch="true" condition-coverage="100% (2/2)"/>
						<line number="670" hits="1"/>
						<line number="671" hits="1"/>
						<line number="673" hits="1"/>
						<line number="676" hits="1" branch="true" condition-coverage="50% (1/2)" missing-branches="677"/>
						<line number="677" hits="0"/>
						<line number="679" hits="1" branch="true" condition-coverage="100% (2/2)"/>
						<line number="680" hits="1"/>
						<line number="681" hits="1" branch="true" condition-coverage="50% (1/2)" missing-branches="682"/>
						<line number="682" hits="0"/>
						<line number="684" hits="1"/>
						<line number="685" hits="1"/>
						<line number="687" hits="1"/>
						<line number="690" hits="1"/>
						<line number="693" hits="1" branch="true" condition-coverage="50% (1/2)" missing-branches="694"/>
						<line number="694" hits="0"/>
						<line number="696" hits="1"/>
						<line number="698" hits="1"/>
						<line number="730" hits="1"/>
						<line number="731" hits="1"/>
						<line number="733" hits="1"/>
						<line number="735" hits="1"/>
						<line number="774" hits="1" branch="true" condition-coverage="100% (2/2)"/>
						<line number="775" hits="1"/>
						<line number="776" hits="1"/>
						<line number="777" hits="1"/>
						<line number="778" hits="1"/>
						<line number="779" hits="1"/>
						<line number="780" hits="1" branch="true" condition-coverage="100% (2/2)"/>
						<line number="781" hits="1"/>
						<line number="785" hits="1"/>
						<line number="786" hits="1"/>
						<line number="788" hits="1"/>
						<line number="811" hits="1"/>
						<line number="812" hits="1"/>
						<line number="814" hits="1"/>
						<line number="815" hits="1" branch="true" condition-coverage="100% (2/2)"/>
						<line number="816" hits="1"/>
						<line number="823" hits="1"/>
						<line number="825" hits="1"/>
						<line number="843" hits="1"/>
						<line number="911" hits="1"/>
						<line number="918" hits="1" branch="true" condition-coverage="100% (2/2)"/>
						<line number="919" hits="1"/>
						<line number="921" hits="1" branch="true" condition-coverage="100% (2/2)"/>
						<line number="922" hits="1"/>
						<line number="924" hits="1" branch="true" condition-coverage="50% (1/2)" missing-branches="925"/>
						<line number="925" hits="0"/>
						<line number="927" hits="1"/>
						<line number="928" hits="1"/>
						<line number="929" hits="1"/>
						<line number="931" hits="1"/>
						<line number="937" hits="1"/>
						<line number="939" hits="1" branch="true" condition-coverage="50% (1/2)" missing-branches="940"/>
						<line number="940" hits="0"/>
						<line number="942" hits="1"/>
						<line number="943" hits="1" branch="true" condition-coverage="100% (2/2)"/>
						<line number="944" hits="1"/>
						<line number="945" hits="1" branch="true" condition-coverage="100% (2/2)"/>
						<line number="947" hits="1"/>
						<line number="949" hits="1"/>
						<line number="951" hits="1" branch="true" condition-coverage="50% (1/2)" missing-branches="943"/>
						<line number="952" hits="1"/>
						<line number="954" hits="1"/>
						<line number="956" hits="1"/>
						<line number="987" hits="1"/>
						<line number="988" hits="1"/>
						<line number="991" hits="1" branch="true" condition-coverage="100% (2/2)"/>
						<line number="992" hits="1"/>
						<line number="996" hits="1"/>
						<line number="998" hits="1" branch="true" condition-coverage="100% (2/2)"/>
						<line number="999" hits="1"/>
						<line number="1001" hits="1"/>
						<line number="1002" hits="1"/>
						<line number="1004" hits="1"/>
						<line number="1006" hits="1"/>
						<line number="1036" hits="1" branch="true" condition-coverage="100% (2/2)"/>
						<line number="1037" hits="1"/>
						<line number="1038" hits="1"/>
						<line number="1039" hits="0"/>
						<line number="1040" hits="0" branch="true" condition-coverage="0% (0/2)" missing-branches="1041,1045"/>
						<line number="1041" hits="0"/>
						<line number="1045" hits="0"/>
						<line number="1046" hits="1"/>
						<line number="1048" hits="1"/>
						<line number="1075" hits="1"/>
						<line number="1076" hits="1"/>
						<line number="1077" hits="1"/>
						<line number="1079" hits="1"/>
						<line number="1081" hits="1" branch="true" condition-coverage="100% (2/2)"/>
						<line number="1082" hits="1"/>
						<line number="1083" hits="1"/>
						<line number="1084" hits="0"/>
						<line number="1085" hits="0"/>
						<line number="1087" hits="1"/>
						<line number="1088" hits="1"/>
						<line number="1090" hits="1"/>
						<line number="1092" hits="1"/>
						<line number="1115" hits="1"/>
						<line number="1116" hits="1"/>
						<line number="1118" hits="1"/>
						<line number="1132" hits="1"/>
						<line number="1133" hits="1"/>
						<line number="1149" hits="1"/>
						<line number="1234" hits="1"/>
						<line number="1235" hits="1"/>
						<line number="1238" hits="1" branch="true" condition-coverage="100% (2/2)"/>
						<line number="1239" hits="1"/>
						<line number="1249" hits="1"/>
						<line number="1250" hits="1"/>
						<line number="1251" hits="1"/>
						<line number="1253" hits="1" branch="true" condition-coverage="50% (1/2)" missing-branches="1254"/>
						<line number="1254" hits="0"/>
						<line number="1255" hits="0"/>
						<line number="1256" hits="0"/>
						<line number="1259" hits="1"/>
						<line number="1261" hits="1" branch="true" condition-coverage="100% (2/2)"/>
						<line number="1262" hits="1" branch="true" condition-coverage="50% (1/2)" missing-branches="1263"/>
						<line number="1263" hits="0"/>
						<line number="1273" hits="1"/>
						<line number="1274" hits="1"/>
						<line number="1275" hits="0"/>
						<line number="1277" hits="0"/>
						<line number="1280" hits="1"/>
						<line number="1281" hits="1"/>
						<line number="1282" hits="1"/>
						<line number="1285" hits="1"/>
						<line number="1286" hits="1"/>
						<line number="1287" hits="1"/>
						<line number="1288" hits="1"/>
						<line number="1290" hits="1" branch="true" condition-coverage="50% (1/2)" missing-branches="1291"/>
						<line number="1291" hits="0"/>
						<line number="1292" hits="0"/>
						<line number="1293" hits="0"/>
						<line number="1294" hits="0"/>
						<line number="1296" hits="1"/>
						<line number="1309" hits="1"/>
						<line number="1312" hits="1"/>
						<line number="1321" hits="1"/>
						<line number="1329" hits="1"/>
						<line number="1452" hits="1"/>
						<line number="1472" hits="1"/>
						<line number="1475" hits="1" branch="true" condition-coverage="100% (2/2)"/>
						<line number="1476" hits="1"/>
						<line number="1477" hits="1" branch="true" condition-coverage="100% (2/2)"/>
						<line number="1478" hits="1"/>
						<line number="1483" hits="1" branch="true" condition-coverage="100% (2/2)"/>
						<line number="1484" hits="1"/>
						<line number="1487" hits="1" branch="true" condition-coverage="100% (2/2)"/>
						<line number="1488" hits="1"/>
						<line number="1489" hits="1" branch="true" condition-coverage="100% (2/2)"/>
						<line number="1490" hits="1"/>
						<line number="1491" hits="1" branch="true" condition-coverage="100% (2/2)"/>
						<line number="1492" hits="1"/>
						<line number="1496" hits="1" branch="true" condition-coverage="100% (2/2)"/>
						<line number="1497" hits="1"/>
						<line number="1498" hits="1" branch="true" condition-coverage="100% (2/2)"/>
						<line number="1499" hits="1"/>
						<line number="1506" hits="1"/>
						<line number="1507" hits="1"/>
						<line number="1508" hits="1"/>
						<line number="1509" hits="1"/>
						<line number="1510" hits="1"/>
						<line number="1511" hits="1"/>
						<line number="1512" hits="1"/>
						<line number="1513" hits="1"/>
						<line number="1514" hits="1"/>
						<line number="1515" hits="1"/>
						<line number="1516" hits="1"/>
						<line number="1517" hits="1"/>
						<line number="1518" hits="1"/>
						<line number="1519" hits="1"/>
						<line number="1520" hits="1"/>
						<line number="1523" hits="1"/>
						<line number="1524" hits="1"/>
						<line number="1525" hits="1"/>
						<line number="1526" hits="1"/>
						<line number="1527" hits="1"/>
						<line number="1528" hits="1"/>
						<line number="1530" hits="1"/>
						<line number="1539" hits="1"/>
						<line number="1541" hits="1" branch="true" condition-coverage="100% (2/2)"/>
						<line number="1543" hits="1"/>
						<line number="1544" hits="1"/>
						<line number="1545" hits="1"/>
						<line number="1548" hits="1"/>
						<line number="1549" hits="1"/>
						<line number="1551" hits="1" branch="true" condition-coverage="50% (1/2)" missing-branches="1552"/>
						<line number="1552" hits="0"/>
						<line number="1554" hits="1"/>
						<line number="1555" hits="1" branch="true" condition-coverage="100% (2/2)"/>
						<line number="1556" hits="1"/>
						<line number="1557" hits="1" branch="true" condition-coverage="100% (2/2)"/>
						<line number="1558" hits="1" branch="true" condition-coverage="50% (1/2)" missing-branches="1560"/>
						<line number="1560" hits="0"/>
						<line number="1561" hits="1" branch="true" condition-coverage="50% (1/2)" missing-branches="1566"/>
						<line number="1563" hits="1"/>
						<line number="1566" hits="0"/>
						<line number="1567" hits="1"/>
						<line number="1568" hits="1"/>
						<line number="1570" hits="1"/>
						<line number="1572" hits="1" branch="true" condition-coverage="100% (2/2)"/>
						<line number="1573" hits="1"/>
						<line number="1576" hits="1"/>
						<line number="1582" hits="1"/>
						<line number="1588" hits="1" branch="true" condition-coverage="50% (1/2)" missing-branches="1589"/>
						<line number="1589" hits="0"/>
						<line number="1593" hits="1"/>
						<line number="1595" hits="1"/>
						<line number="1606" hits="1"/>
						<line number="1608" hits="1"/>
						<line number="1617" hits="1"/>
						<line number="1618" hits="1"/>
						<line number="1621" hits="1"/>
						<line number="1622" hits="1"/>
						<line number="1623" hits="1"/>
						<line number="1624" hits="1"/>
						<line number="1626" hits="1" branch="true" condition-coverage="100% (2/2)"/>
						<line number="1627" hits="1"/>
						<line number="1633" hits="1"/>
						<line number="1636" hits="1" branch="true" condition-coverage="100% (2/2)"/>
						<line number="1637" hits="1"/>
						<line number="1639" hits="1" branch="true" condition-coverage="100% (2/2)"/>
						<line number="1641" hits="1"/>
						<line number="1642" hits="1"/>
						<line number="1643" hits="0"/>
						<line number="1644" hits="0"/>
						<line number="1645" hits="1"/>
						<line number="1648" hits="1"/>
						<line number="1649" hits="1"/>
						<line number="1650" hits="1"/>
						<line number="1651" hits="1"/>
						<line number="1653" hits="1"/>
						<line number="1663" hits="1"/>
						<line number="1664" hits="1"/>
						<line number="1666" hits="1"/>
						<line number="1672" hits="1"/>
						<line number="1674" hits="1"/>
						<line number="1690" hits="1"/>
						<line number="1691" hits="1"/>
						<line number="1693" hits="1"/>
						<line number="1694" hits="1"/>
						<line number="1697" hits="1"/>
						<line number="1698" hits="1"/>
						<line number="1700" hits="1" branch="true" condition-coverage="100% (2/2)"/>
						<line number="1701" hits="1"/>
						<line number="1709" hits="1"/>
						<line number="1718" hits="1"/>
						<line number="1719" hits="1"/>
						<line number="1720" hits="1"/>
						<line number="1721" hits="1"/>
						<line number="1723" hits="1" branch="true" condition-coverage="100% (2/2)"/>
						<line number="1724" hits="1" branch="true" condition-coverage="100% (2/2)"/>
						<line number="1725" hits="1"/>
						<line number="1727" hits="1"/>
						<line number="1728" hits="1"/>
						<line number="1729" hits="1"/>
						<line number="1730" hits="1"/>
						<line number="1733" hits="1" branch="true" condition-coverage="50% (1/2)" missing-branches="1734"/>
						<line number="1734" hits="0"/>
						<line number="1743" hits="1"/>
						<line number="1746" hits="1"/>
						<line number="1747" hits="1"/>
						<line number="1750" hits="1"/>
						<line number="1751" hits="1"/>
						<line number="1752" hits="0"/>
						<line number="1753" hits="0"/>
						<line number="1754" hits="1"/>
						<line number="1755" hits="1"/>
						<line number="1756" hits="1"/>
						<line number="1757" hits="1"/>
						<line number="1758" hits="1"/>
						<line number="1760" hits="1" branch="true" condition-coverage="50% (1/2)" missing-branches="1761"/>
						<line number="1761" hits="0"/>
						<line number="1764" hits="1"/>
						<line number="1765" hits="1"/>
						<line number="1766" hits="1"/>
						<line number="1767" hits="1"/>
						<line number="1770" hits="1"/>
						<line number="1773" hits="1"/>
						<line number="1774" hits="1"/>
						<line number="1775" hits="1"/>
						<line number="1776" hits="1"/>
						<line number="1779" hits="1"/>
						<line number="1790" hits="1" branch="true" condition-coverage="100% (2/2)"/>
						<line number="1791" hits="1"/>
						<line number="1792" hits="1"/>
						<line number="1793" hits="0"/>
						<line number="1794" hits="0"/>
						<line number="1795" hits="1"/>
						<line number="1796" hits="1"/>
						<line number="1797" hits="1"/>
						<line number="1799" hits="1"/>
						<line number="1801" hits="1" branch="true" condition-coverage="100% (2/2)"/>
						<line number="1802" hits="1"/>
						<line number="1810" hits="1"/>
						<line number="1812" hits="1"/>
						<line number="1831" hits="1" branch="true" condition-coverage="100% (2/2)"/>
						<line number="1832" hits="1" branch="true" condition-coverage="50% (1/2)" missing-branches="1836"/>
						<line number="1833" hits="1"/>
						<line number="1836" hits="0"/>
						<line number="1837" hits="1"/>
						<line number="1839" hits="1"/>
						<line number="1840" hits="1"/>
						<line number="1842" hits="1" branch="true" condition-coverage="100% (2/2)"/>
						<line number="1843" hits="1"/>
						<line number="1844" hits="1"/>
						<line number="1846" hits="1"/>
						<line number="1847" hits="1"/>
						<line number="1849" hits="1" branch="true" condition-coverage="100% (2/2)"/>
						<line number="1850" hits="1" branch="true" condition-coverage="50% (1/2)" missing-branches="1852"/>
						<line number="1851" hits="1"/>
						<line number="1852" hits="0"/>
						<line number="1853" hits="1"/>
						<line number="1855" hits="1"/>
						<line number="1856" hits="1"/>
						<line number="1858" hits="1" branch="true" condition-coverage="100% (2/2)"/>
						<line number="1859" hits="1"/>
						<line number="1860" hits="1"/>
						<line number="1862" hits="1"/>
						<line number="1863" hits="1"/>
						<line number="1865" hits="1" branch="true" condition-coverage="100% (2/2)"/>
						<line number="1866" hits="1"/>
						<line number="1867" hits="1"/>
						<line number="1869" hits="1"/>
						<line number="1870" hits="1"/>
						<line number="1872" hits="1"/>
						<line number="1874" hits="1"/>
						<line number="1875" hits="1"/>
						<line number="1877" hits="1"/>
						<line number="1879" hits="1"/>
						<line number="1880" hits="1"/>
						<line number="1882" hits="1" branch="true" condition-coverage="50% (1/2)" missing-branches="1883"/>
						<line number="1883" hits="0"/>
						<line number="1884" hits="1"/>
						<line number="1886" hits="1"/>
						<line number="1887" hits="1"/>
						<line number="1889" hits="1" branch="true" condition-coverage="50% (1/2)" missing-branches="1890"/>
						<line number="1890" hits="0"/>
						<line number="1891" hits="1"/>
						<line number="1893" hits="1"/>
						<line number="1902" hits="1" branch="true" condition-coverage="50% (1/2)" missing-branches="1903"/>
						<line number="1903" hits="0"/>
						<line number="1905" hits="1"/>
						<line number="1907" hits="1"/>
						<line number="1934" hits="1"/>
					</lines>
				</class>
				<class name="cv_financial.py" filename="src/temporalcv/cv_financial.py" complexity="0" line-rate="0.9066" branch-rate="0.8143">
					<methods/>
					<lines>
						<line number="28" hits="1"/>
						<line number="30" hits="1"/>
						<line number="31" hits="1"/>
						<line number="32" hits="1"/>
						<line number="34" hits="1"/>
						<line number="35" hits="1"/>
						<line number="38" hits="1"/>
						<line number="39" hits="1"/>
						<line number="54" hits="1"/>
						<line number="55" hits="1"/>
						<line number="56" hits="1"/>
						<line number="57" hits="1"/>
						<line number="60" hits="1"/>
						<line number="96" hits="1"/>
						<line number="98" hits="1"/>
						<line number="99" hits="1"/>
						<line number="100" hits="1"/>
						<line number="103" hits="1"/>
						<line number="134" hits="1"/>
						<line number="137" hits="1"/>
						<line number="168" hits="1"/>
						<line number="169" hits="1"/>
						<line number="170" hits="1"/>
						<line number="173" hits="1"/>
						<line number="174" hits="1" branch="true" condition-coverage="100% (2/2)"/>
						<line number="175" hits="1" branch="true" condition-coverage="100% (2/2)"/>
						<line number="176" hits="1"/>
						<line number="177" hits="1" branch="true" condition-coverage="100% (2/2)"/>
						<line number="178" hits="1"/>
						<line number="181" hits="1"/>
						<line number="182" hits="1"/>
						<line number="183" hits="1" branch="true" condition-coverage="100% (2/2)"/>
						<line number="184" hits="1" branch="true" condition-coverage="100% (2/2)"/>
						<line number="185" hits="1"/>
						<line number="188" hits="1" branch="true" condition-coverage="100% (2/2)"/>
						<line number="189" hits="1" branch="true" condition-coverage="100% (2/2)"/>
						<line number="190" hits="1"/>
						<line number="193" hits="1"/>
						<line number="194" hits="1"/>
						<line number="196" hits="1"/>
						<line number="203" hits="1"/>
						<line number="240" hits="1"/>
						<line number="247" hits="1" branch="true" condition-coverage="100% (2/2)"/>
						<line number="248" hits="1"/>
						<line number="249" hits="1" branch="true" condition-coverage="100% (2/2)"/>
						<line number="250" hits="1"/>
						<line number="251" hits="1" branch="true" condition-coverage="100% (2/2)"/>
						<line number="252" hits="1"/>
						<line number="254" hits="1"/>
						<line number="255" hits="1"/>
						<line number="256" hits="1"/>
						<line number="257" hits="1"/>
						<line number="259" hits="1"/>
						<line number="283" hits="1"/>
						<line number="284" hits="1"/>
						<line number="286" hits="1"/>
						<line number="287" hits="1" branch="true" condition-coverage="50% (1/2)" missing-branches="288"/>
						<line number="288" hits="0"/>
						<line number="290" hits="1"/>
						<line number="291" hits="1"/>
						<line number="293" hits="1"/>
						<line number="294" hits="1" branch="true" condition-coverage="100% (2/2)"/>
						<line number="295" hits="1"/>
						<line number="296" hits="1"/>
						<line number="298" hits="1"/>
						<line number="306" hits="1"/>
						<line number="307" hits="1"/>
						<line number="309" hits="1"/>
						<line number="316" hits="1"/>
						<line number="318" hits="1"/>
						<line number="334" hits="1"/>
						<line number="335" hits="1"/>
						<line number="337" hits="1"/>
						<line number="338" hits="1" branch="true" condition-coverage="50% (1/2)" missing-branches="339"/>
						<line number="339" hits="0"/>
						<line number="341" hits="1"/>
						<line number="342" hits="1"/>
						<line number="344" hits="1"/>
						<line number="345" hits="1" branch="true" condition-coverage="100% (2/2)"/>
						<line number="346" hits="1"/>
						<line number="347" hits="1"/>
						<line number="349" hits="1"/>
						<line number="357" hits="1"/>
						<line number="363" hits="1"/>
						<line number="366" hits="1"/>
						<line number="402" hits="1"/>
						<line number="409" hits="1" branch="true" condition-coverage="50% (1/2)" missing-branches="410"/>
						<line number="410" hits="0"/>
						<line number="411" hits="1" branch="true" condition-coverage="100% (2/2)"/>
						<line number="412" hits="1"/>
						<line number="413" hits="1" branch="true" condition-coverage="50% (1/2)" missing-branches="414"/>
						<line number="414" hits="0"/>
						<line number="415" hits="1" branch="true" condition-coverage="50% (1/2)" missing-branches="416"/>
						<line number="416" hits="0"/>
						<line number="418" hits="1"/>
						<line number="419" hits="1"/>
						<line number="420" hits="1"/>
						<line number="421" hits="1"/>
						<line number="423" hits="1"/>
						<line number="447" hits="1"/>
						<line number="448" hits="1"/>
						<line number="451" hits="1"/>
						<line number="452" hits="1"/>
						<line number="455" hits="1" branch="true" condition-coverage="100% (2/2)"/>
						<line number="457" hits="1"/>
						<line number="460" hits="1"/>
						<line number="461" hits="1"/>
						<line number="464" hits="1"/>
						<line number="472" hits="1"/>
						<line number="474" hits="1"/>
						<line number="481" hits="1"/>
						<line number="483" hits="1"/>
						<line number="486" hits="1"/>
						<line number="531" hits="1"/>
						<line number="540" hits="1" branch="true" condition-coverage="100% (2/2)"/>
						<line number="541" hits="1"/>
						<line number="542" hits="1" branch="true" condition-coverage="100% (2/2)"/>
						<line number="543" hits="1"/>
						<line number="544" hits="1" branch="true" condition-coverage="100% (2/2)"/>
						<line number="545" hits="1"/>
						<line number="546" hits="1" branch="true" condition-coverage="100% (2/2)"/>
						<line number="547" hits="1"/>
						<line number="548" hits="1" branch="true" condition-coverage="50% (1/2)" missing-branches="549"/>
						<line number="549" hits="0"/>
						<line number="550" hits="1" branch="true" condition-coverage="50% (1/2)" missing-branches="551"/>
						<line number="551" hits="0"/>
						<line number="553" hits="1"/>
						<line number="554" hits="1"/>
						<line number="555" hits="1"/>
						<line number="556" hits="1"/>
						<line number="557" hits="1"/>
						<line number="558" hits="1"/>
						<line number="560" hits="1"/>
						<line number="584" hits="1"/>
						<line number="585" hits="1"/>
						<line number="588" hits="1"/>
						<line number="589" hits="1" branch="true" condition-coverage="50% (1/2)" missing-branches="591"/>
						<line number="591" hits="0"/>
						<line number="592" hits="0"/>
						<line number="593" hits="0"/>
						<line number="596" hits="1"/>
						<line number="597" hits="1" branch="true" condition-coverage="100% (2/2)"/>
						<line number="599" hits="1"/>
						<line number="600" hits="1"/>
						<line number="603" hits="1" branch="true" condition-coverage="100% (2/2)"/>
						<line number="605" hits="1"/>
						<line number="606" hits="1"/>
						<line number="609" hits="1"/>
						<line number="610" hits="1"/>
						<line number="612" hits="1" branch="true" condition-coverage="100% (2/2)"/>
						<line number="614" hits="1"/>
						<line number="616" hits="1"/>
						<line number="617" hits="1"/>
						<line number="620" hits="1"/>
						<line number="628" hits="1" branch="true" condition-coverage="50% (1/2)" missing-branches="597"/>
						<line number="629" hits="1"/>
						<line number="631" hits="1"/>
						<line number="638" hits="0"/>
						<line number="640" hits="1"/>
						<line number="656" hits="1"/>
						<line number="657" hits="1"/>
						<line number="659" hits="1"/>
						<line number="660" hits="1" branch="true" condition-coverage="50% (1/2)" missing-branches="661"/>
						<line number="661" hits="0"/>
						<line number="662" hits="0"/>
						<line number="663" hits="0"/>
						<line number="665" hits="1"/>
						<line number="666" hits="1" branch="true" condition-coverage="100% (2/2)"/>
						<line number="667" hits="1"/>
						<line number="668" hits="1"/>
						<line number="670" hits="1" branch="true" condition-coverage="50% (1/2)" missing-branches="674"/>
						<line number="671" hits="1"/>
						<line number="672" hits="1"/>
						<line number="674" hits="0"/>
						<line number="675" hits="0"/>
						<line number="677" hits="1" branch="true" condition-coverage="50% (1/2)" missing-branches="678"/>
						<line number="678" hits="0"/>
						<line number="680" hits="1"/>
						<line number="681" hits="1"/>
						<line number="683" hits="1"/>
						<line number="691" hits="1" branch="true" condition-coverage="50% (1/2)" missing-branches="666"/>
						<line number="692" hits="1"/>
					</lines>
				</class>
				<class name="gates.py" filename="src/temporalcv/gates.py" complexity="0" line-rate="0.9441" branch-rate="0.8581">
					<methods/>
					<lines>
						<line number="55" hits="1"/>
						<line number="57" hits="1"/>
						<line number="58" hits="1"/>
						<line number="59" hits="1"/>
						<line number="60" hits="1"/>
						<line number="61" hits="1"/>
						<line number="63" hits="1"/>
						<line number="64" hits="1"/>
						<line number="66" hits="1"/>
						<line number="69" hits="1"/>
						<line number="72" hits="1"/>
						<line number="73" hits="1"/>
						<line number="74" hits="1"/>
						<line number="75" hits="1"/>
						<line number="78" hits="1"/>
						<line number="79" hits="1"/>
						<line number="101" hits="1"/>
						<line number="102" hits="1"/>
						<line number="103" hits="1"/>
						<line number="104" hits="1"/>
						<line number="105" hits="1"/>
						<line number="106" hits="1"/>
						<line number="107" hits="1"/>
						<line number="109" hits="1"/>
						<line number="111" hits="1"/>
						<line number="114" hits="1"/>
						<line number="115" hits="1"/>
						<line number="125" hits="1"/>
						<line number="127" hits="1"/>
						<line number="128" hits="1"/>
						<line number="137" hits="1" branch="true" condition-coverage="100% (2/2)"/>
						<line number="138" hits="1"/>
						<line number="139" hits="1" branch="true" condition-coverage="100% (2/2)"/>
						<line number="140" hits="1"/>
						<line number="141" hits="1"/>
						<line number="143" hits="1"/>
						<line number="144" hits="1"/>
						<line number="146" hits="1"/>
						<line number="148" hits="1"/>
						<line number="149" hits="1"/>
						<line number="151" hits="1"/>
						<line number="153" hits="1"/>
						<line number="155" hits="1"/>
						<line number="162" hits="1" branch="true" condition-coverage="100% (2/2)"/>
						<line number="163" hits="1"/>
						<line number="165" hits="1"/>
						<line number="174" hits="1" branch="true" condition-coverage="100% (2/2)"/>
						<line number="175" hits="1"/>
						<line number="176" hits="1"/>
						<line number="177" hits="1" branch="true" condition-coverage="100% (2/2)"/>
						<line number="178" hits="1"/>
						<line number="180" hits="1"/>
						<line number="188" hits="1"/>
						<line number="191" hits="1"/>
						<line number="193" hits="0"/>
						<line number="195" hits="1"/>
						<line number="197" hits="0"/>
						<line number="205" hits="1"/>
						<line number="210" hits="1"/>
						<line number="211" hits="1"/>
						<line number="213" hits="1"/>
						<line number="214" hits="1"/>
						<line number="217" hits="1"/>
						<line number="220" hits="1"/>
						<line number="257" hits="1"/>
						<line number="258" hits="1"/>
						<line number="265" hits="1"/>
						<line number="266" hits="1" branch="true" condition-coverage="100% (2/2)"/>
						<line number="267" hits="1"/>
						<line number="268" hits="1"/>
						<line number="269" hits="1"/>
						<line number="270" hits="1"/>
						<line number="271" hits="1"/>
						<line number="273" hits="1"/>
						<line number="274" hits="1"/>
						<line number="276" hits="1" branch="true" condition-coverage="100% (2/2)"/>
						<line number="277" hits="1"/>
						<line number="278" hits="1"/>
						<line number="286" hits="1"/>
						<line number="453" hits="1"/>
						<line number="454" hits="1"/>
						<line number="457" hits="1" branch="true" condition-coverage="50% (1/2)" missing-branches="458"/>
						<line number="458" hits="0"/>
						<line number="461" hits="1" branch="true" condition-coverage="50% (1/2)" missing-branches="462"/>
						<line number="462" hits="0"/>
						<line number="466" hits="1" branch="true" condition-coverage="50% (1/2)" missing-branches="467"/>
						<line number="467" hits="0"/>
						<line number="473" hits="1" branch="true" condition-coverage="50% (1/2)" missing-branches="474"/>
						<line number="474" hits="0"/>
						<line number="479" hits="1" branch="true" condition-coverage="100% (2/2)"/>
						<line number="480" hits="1"/>
						<line number="483" hits="1" branch="true" condition-coverage="50% (1/2)" missing-branches="484"/>
						<line number="484" hits="0" branch="true" condition-coverage="0% (0/2)" missing-branches="485,487"/>
						<line number="485" hits="0"/>
						<line number="487" hits="0"/>
						<line number="490" hits="1"/>
						<line number="491" hits="1" branch="true" condition-coverage="100% (2/2)"/>
						<line number="492" hits="1"/>
						<line number="493" hits="1" branch="true" condition-coverage="100% (2/2)"/>
						<line number="496" hits="1"/>
						<line number="505" hits="1"/>
						<line number="506" hits="1"/>
						<line number="509" hits="1" branch="true" condition-coverage="100% (2/2)"/>
						<line number="510" hits="1" branch="true" condition-coverage="100% (2/2)"/>
						<line number="512" hits="1"/>
						<line number="514" hits="1"/>
						<line number="515" hits="1" branch="true" condition-coverage="50% (1/2)" missing-branches="516"/>
						<line number="516" hits="0"/>
						<line number="518" hits="1"/>
						<line number="520" hits="1"/>
						<line number="527" hits="1"/>
						<line number="528" hits="1"/>
						<line number="531" hits="1"/>
						<line number="532" hits="1" branch="true" condition-coverage="100% (2/2)"/>
						<line number="533" hits="1"/>
						<line number="534" hits="1"/>
						<line number="535" hits="1"/>
						<line number="538" hits="1"/>
						<line number="539" hits="1" branch="true" condition-coverage="100% (2/2)"/>
						<line number="540" hits="1"/>
						<line number="543" hits="1"/>
						<line number="546" hits="1"/>
						<line number="547" hits="1"/>
						<line number="550" hits="1"/>
						<line number="551" hits="1"/>
						<line number="554" hits="1"/>
						<line number="555" hits="1" branch="true" condition-coverage="100% (2/2)"/>
						<line number="557" hits="1"/>
						<line number="560" hits="1"/>
						<line number="561" hits="1"/>
						<line number="565" hits="1"/>
						<line number="567" hits="1"/>
						<line number="570" hits="1" branch="true" condition-coverage="100% (2/2)"/>
						<line number="571" hits="1"/>
						<line number="573" hits="1"/>
						<line number="582" hits="1"/>
						<line number="588" hits="1"/>
						<line number="589" hits="1"/>
						<line number="591" hits="1"/>
						<line number="609" hits="1" branch="true" condition-coverage="100% (2/2)"/>
						<line number="610" hits="1"/>
						<line number="612" hits="1"/>
						<line number="619" hits="1"/>
						<line number="631" hits="1" branch="true" condition-coverage="100% (2/2)"/>
						<line number="634" hits="1" branch="true" condition-coverage="100% (2/2)"/>
						<line number="635" hits="1"/>
						<line number="648" hits="1"/>
						<line number="659" hits="1" branch="true" condition-coverage="100% (2/2)"/>
						<line number="660" hits="1"/>
						<line number="673" hits="1"/>
						<line number="684" hits="1"/>
						<line number="765" hits="1" branch="true" condition-coverage="50% (1/2)" missing-branches="766"/>
						<line number="766" hits="0"/>
						<line number="772" hits="1" branch="true" condition-coverage="50% (1/2)" missing-branches="773"/>
						<line number="773" hits="0"/>
						<line number="778" hits="1"/>
						<line number="781" hits="1"/>
						<line number="782" hits="1"/>
						<line number="784" hits="1" branch="true" condition-coverage="100% (2/2)"/>
						<line number="785" hits="1"/>
						<line number="788" hits="1"/>
						<line number="789" hits="1"/>
						<line number="791" hits="1"/>
						<line number="794" hits="1"/>
						<line number="795" hits="1"/>
						<line number="800" hits="1"/>
						<line number="802" hits="1"/>
						<line number="804" hits="1"/>
						<line number="816" hits="1" branch="true" condition-coverage="100% (2/2)"/>
						<line number="817" hits="1"/>
						<line number="819" hits="1"/>
						<line number="826" hits="1"/>
						<line number="837" hits="1" branch="true" condition-coverage="50% (1/2)" missing-branches="838"/>
						<line number="838" hits="0"/>
						<line number="848" hits="1"/>
						<line number="863" hits="1"/>
						<line number="905" hits="1" branch="true" condition-coverage="100% (2/2)"/>
						<line number="906" hits="1"/>
						<line number="914" hits="1"/>
						<line number="916" hits="1"/>
						<line number="922" hits="1" branch="true" condition-coverage="100% (2/2)"/>
						<line number="923" hits="1"/>
						<line number="933" hits="1" branch="true" condition-coverage="100% (2/2)"/>
						<line number="934" hits="1"/>
						<line number="944" hits="1"/>
						<line number="954" hits="1"/>
						<line number="992" hits="1"/>
						<line number="993" hits="1"/>
						<line number="995" hits="1"/>
						<line number="1004" hits="1" branch="true" condition-coverage="100% (2/2)"/>
						<line number="1005" hits="1"/>
						<line number="1015" hits="1"/>
						<line number="1030" hits="1"/>
						<line number="1048" hits="1"/>
						<line number="1049" hits="1"/>
						<line number="1050" hits="1"/>
						<line number="1052" hits="1" branch="true" condition-coverage="100% (2/2)"/>
						<line number="1054" hits="1"/>
						<line number="1056" hits="1"/>
						<line number="1057" hits="1" branch="true" condition-coverage="100% (2/2)"/>
						<line number="1058" hits="1"/>
						<line number="1059" hits="1"/>
						<line number="1061" hits="1"/>
						<line number="1064" hits="1"/>
						<line number="1087" hits="1"/>
						<line number="1089" hits="1"/>
						<line number="1090" hits="1" branch="true" condition-coverage="50% (1/2)" missing-branches="1092"/>
						<line number="1092" hits="0"/>
						<line number="1094" hits="1"/>
						<line number="1098" hits="1"/>
						<line number="1099" hits="1" branch="true" condition-coverage="100% (2/2)"/>
						<line number="1100" hits="1"/>
						<line number="1101" hits="1"/>
						<line number="1104" hits="1"/>
						<line number="1106" hits="1"/>
						<line number="1109" hits="1"/>
						<line number="1177" hits="1"/>
						<line number="1179" hits="1"/>
						<line number="1182" hits="1" branch="true" condition-coverage="50% (1/2)" missing-branches="1183"/>
						<line number="1183" hits="0"/>
						<line number="1188" hits="1"/>
						<line number="1191" hits="1"/>
						<line number="1193" hits="1" branch="true" condition-coverage="100% (2/2)"/>
						<line number="1194" hits="1"/>
						<line number="1203" hits="1"/>
						<line number="1204" hits="1" branch="true" condition-coverage="50% (1/2)" missing-branches="1205"/>
						<line number="1205" hits="0"/>
						<line number="1208" hits="1"/>
						<line number="1209" hits="1"/>
						<line number="1212" hits="1"/>
						<line number="1213" hits="1"/>
						<line number="1219" hits="1" branch="true" condition-coverage="100% (2/2)"/>
						<line number="1220" hits="1"/>
						<line number="1223" hits="1"/>
						<line number="1224" hits="1"/>
						<line number="1231" hits="1" branch="true" condition-coverage="100% (2/2)"/>
						<line number="1232" hits="1"/>
						<line number="1235" hits="1"/>
						<line number="1236" hits="1"/>
						<line number="1243" hits="1" branch="true" condition-coverage="100% (2/2)"/>
						<line number="1244" hits="1"/>
						<line number="1247" hits="1"/>
						<line number="1254" hits="1" branch="true" condition-coverage="100% (2/2)"/>
						<line number="1255" hits="1"/>
						<line number="1265" hits="1"/>
						<line number="1266" hits="1" branch="true" condition-coverage="100% (2/2)"/>
						<line number="1267" hits="1"/>
						<line number="1268" hits="1" branch="true" condition-coverage="100% (2/2)"/>
						<line number="1269" hits="1"/>
						<line number="1270" hits="1" branch="true" condition-coverage="100% (2/2)"/>
						<line number="1272" hits="1"/>
						<line number="1274" hits="1" branch="true" condition-coverage="100% (2/2)"/>
						<line number="1275" hits="1"/>
						<line number="1299" hits="1"/>
						<line number="1318" hits="1"/>
						<line number="1381" hits="1"/>
						<line number="1382" hits="1"/>
						<line number="1385" hits="1" branch="true" condition-coverage="100% (2/2)"/>
						<line number="1386" hits="1"/>
						<line number="1397" hits="1"/>
						<line number="1398" hits="1"/>
						<line number="1401" hits="1"/>
						<line number="1402" hits="1"/>
						<line number="1403" hits="1"/>
						<line number="1406" hits="1"/>
						<line number="1409" hits="1"/>
						<line number="1412" hits="1"/>
						<line number="1415" hits="1"/>
						<line number="1416" hits="1"/>
						<line number="1417" hits="1" branch="true" condition-coverage="100% (2/2)"/>
						<line number="1418" hits="1"/>
						<line number="1419" hits="1" branch="true" condition-coverage="50% (1/2)" missing-branches="1428"/>
						<line number="1420" hits="1"/>
						<line number="1421" hits="1" branch="true" condition-coverage="100% (2/2)"/>
						<line number="1422" hits="1"/>
						<line number="1423" hits="1"/>
						<line number="1428" hits="1"/>
						<line number="1437" hits="1" branch="true" condition-coverage="100% (2/2)"/>
						<line number="1438" hits="1"/>
						<line number="1441" hits="1" branch="true" condition-coverage="100% (2/2)"/>
						<line number="1442" hits="1"/>
						<line number="1460" hits="1"/>
						<line number="1461" hits="1" branch="true" condition-coverage="100% (2/2)"/>
						<line number="1462" hits="1"/>
						<line number="1464" hits="1"/>
						<line number="1480" hits="1"/>
						<line number="1483" hits="1"/>
						<line number="1509" hits="1"/>
						<line number="1517" hits="1"/>
						<line number="1518" hits="1"/>
						<line number="1545" hits="1"/>
						<line number="1546" hits="1"/>
						<line number="1547" hits="1"/>
						<line number="1548" hits="1"/>
						<line number="1550" hits="1"/>
						<line number="1551" hits="1"/>
						<line number="1558" hits="1" branch="true" condition-coverage="100% (2/2)"/>
						<line number="1559" hits="1"/>
						<line number="1562" hits="1" branch="true" condition-coverage="100% (2/2)"/>
						<line number="1563" hits="1" branch="true" condition-coverage="50% (1/2)" missing-branches="1562"/>
						<line number="1564" hits="1"/>
						<line number="1567" hits="1" branch="true" condition-coverage="100% (2/2)"/>
						<line number="1568" hits="1"/>
						<line number="1569" hits="1" branch="true" condition-coverage="50% (1/2)" missing-branches="1570"/>
						<line number="1570" hits="0" branch="true" condition-coverage="0% (0/2)" missing-branches="1569,1571"/>
						<line number="1571" hits="0"/>
						<line number="1573" hits="1"/>
						<line number="1575" hits="1"/>
						<line number="1577" hits="1"/>
						<line number="1585" hits="1" branch="true" condition-coverage="100% (2/2)"/>
						<line number="1586" hits="1"/>
						<line number="1588" hits="1" branch="true" condition-coverage="100% (2/2)"/>
						<line number="1589" hits="1"/>
						<line number="1590" hits="1"/>
						<line number="1591" hits="1"/>
						<line number="1593" hits="1" branch="true" condition-coverage="100% (2/2)"/>
						<line number="1594" hits="1"/>
						<line number="1595" hits="1"/>
						<line number="1596" hits="1" branch="true" condition-coverage="100% (2/2)"/>
						<line number="1597" hits="1"/>
						<line number="1599" hits="1" branch="true" condition-coverage="50% (1/2)" missing-branches="1600"/>
						<line number="1600" hits="0"/>
						<line number="1601" hits="0"/>
						<line number="1603" hits="1"/>
						<line number="1612" hits="1"/>
						<line number="1615" hits="1"/>
						<line number="1680" hits="1"/>
						<line number="1686" hits="1"/>
						<line number="1687" hits="1"/>
						<line number="1690" hits="1"/>
						<line number="1693" hits="1" branch="true" condition-coverage="100% (2/2)"/>
						<line number="1694" hits="1"/>
						<line number="1702" hits="1" branch="true" condition-coverage="100% (2/2)"/>
						<line number="1703" hits="1"/>
						<line number="1707" hits="1"/>
						<line number="1710" hits="1"/>
						<line number="1711" hits="1"/>
						<line number="1714" hits="1"/>
						<line number="1717" hits="1"/>
						<line number="1718" hits="1"/>
						<line number="1720" hits="1" branch="true" condition-coverage="100% (2/2)"/>
						<line number="1721" hits="1"/>
						<line number="1722" hits="1"/>
						<line number="1723" hits="1"/>
						<line number="1726" hits="1"/>
						<line number="1727" hits="1"/>
						<line number="1730" hits="1"/>
						<line number="1733" hits="1" branch="true" condition-coverage="50% (1/2)" missing-branches="1753"/>
						<line number="1734" hits="1"/>
						<line number="1741" hits="1"/>
						<line number="1750" hits="1"/>
						<line number="1753" hits="1" branch="true" condition-coverage="100% (2/2)"/>
						<line number="1754" hits="1"/>
						<line number="1759" hits="1"/>
						<line number="1768" hits="1"/>
						<line number="1770" hits="1"/>
						<line number="1772" hits="1"/>
						<line number="1784" hits="1"/>
					</lines>
				</class>
				<class name="guardrails.py" filename="src/temporalcv/guardrails.py" complexity="0" line-rate="0.9648" branch-rate="0.8966">
					<methods/>
					<lines>
						<line number="37" hits="1"/>
						<line number="39" hits="1"/>
						<line number="40" hits="1"/>
						<line number="42" hits="1"/>
						<line number="45" hits="1"/>
						<line number="46" hits="1"/>
						<line number="66" hits="1"/>
						<line number="67" hits="1"/>
						<line number="68" hits="1"/>
						<line number="69" hits="1"/>
						<line number="70" hits="1"/>
						<line number="71" hits="1"/>
						<line number="73" hits="1"/>
						<line number="75" hits="1"/>
						<line number="77" hits="1"/>
						<line number="79" hits="1"/>
						<line number="80" hits="1"/>
						<line number="82" hits="1" branch="true" condition-coverage="100% (2/2)"/>
						<line number="83" hits="1"/>
						<line number="84" hits="1" branch="true" condition-coverage="100% (2/2)"/>
						<line number="85" hits="1"/>
						<line number="87" hits="1" branch="true" condition-coverage="100% (2/2)"/>
						<line number="88" hits="1"/>
						<line number="89" hits="1" branch="true" condition-coverage="100% (2/2)"/>
						<line number="90" hits="1"/>
						<line number="92" hits="1" branch="true" condition-coverage="50% (1/2)" missing-branches="93"/>
						<line number="93" hits="0"/>
						<line number="94" hits="0" branch="true" condition-coverage="0% (0/2)" missing-branches="95,97"/>
						<line number="95" hits="0"/>
						<line number="97" hits="1" branch="true" condition-coverage="100% (2/2)"/>
						<line number="98" hits="1"/>
						<line number="99" hits="1" branch="true" condition-coverage="100% (2/2)"/>
						<line number="100" hits="1"/>
						<line number="102" hits="1"/>
						<line number="105" hits="1"/>
						<line number="147" hits="1" branch="true" condition-coverage="100% (2/2)"/>
						<line number="148" hits="1"/>
						<line number="154" hits="1"/>
						<line number="156" hits="1"/>
						<line number="163" hits="1" branch="true" condition-coverage="100% (2/2)"/>
						<line number="164" hits="1"/>
						<line number="180" hits="1" branch="true" condition-coverage="100% (2/2)"/>
						<line number="181" hits="1"/>
						<line number="191" hits="1"/>
						<line number="194" hits="1"/>
						<line number="228" hits="1"/>
						<line number="230" hits="1" branch="true" condition-coverage="100% (2/2)"/>
						<line number="231" hits="1"/>
						<line number="242" hits="1" branch="true" condition-coverage="100% (2/2)"/>
						<line number="243" hits="1"/>
						<line number="251" hits="1"/>
						<line number="254" hits="1"/>
						<line number="294" hits="1"/>
						<line number="301" hits="1"/>
						<line number="302" hits="1" branch="true" condition-coverage="100% (2/2)"/>
						<line number="303" hits="1"/>
						<line number="304" hits="1" branch="true" condition-coverage="100% (2/2)"/>
						<line number="305" hits="1"/>
						<line number="307" hits="1" branch="true" condition-coverage="100% (2/2)"/>
						<line number="308" hits="1"/>
						<line number="319" hits="1"/>
						<line number="320" hits="1" branch="true" condition-coverage="100% (2/2)"/>
						<line number="321" hits="1"/>
						<line number="330" hits="1"/>
						<line number="333" hits="1"/>
[...]
						<line number="387" hits="1"/>
						<line number="388" hits="1"/>
						<line number="390" hits="1"/>
						<line number="398" hits="1"/>
						<line number="419" hits="0"/>
						<line number="425" hits="0"/>
						<line number="427" hits="0"/>
						<line number="428" hits="0"/>
						<line number="431" hits="1"/>
						<line number="444" hits="1"/>
						<line number="451" hits="1"/>
						<line number="452" hits="1"/>
						<line number="455" hits="1"/>
						<line number="475" hits="1"/>
						<line number="479" hits="1"/>
						<line number="481" hits="1" branch="true" condition-coverage="100% (2/2)"/>
						<line number="482" hits="1"/>
						<line number="483" hits="1" branch="true" condition-coverage="100% (2/2)"/>
						<line number="484" hits="1"/>
					</lines>
				</class>
				<class name="comparison.py" filename="src/temporalcv/viz/comparison.py" complexity="0" line-rate="0.9919" branch-rate="0.7727">
					<methods/>
					<lines>
						<line number="19" hits="1"/>
						<line number="21" hits="1"/>
						<line number="22" hits="1"/>
						<line number="24" hits="1"/>
						<line number="25" hits="1"/>
						<line number="33" hits="1"/>
						<line number="36" hits="1"/>
						<line number="84" hits="1"/>
						<line number="93" hits="1"/>
						<line number="94" hits="1"/>
						<line number="95" hits="1"/>
						<line number="96" hits="1"/>
						<line number="97" hits="1"/>
						<line number="99" hits="1"/>
						<line number="100" hits="1"/>
						<line number="102" hits="1"/>
						<line number="103" hits="1"/>
						<line number="135" hits="1"/>
						<line number="136" hits="1"/>
						<line number="138" hits="1"/>
						<line number="142" hits="1"/>
						<line number="143" hits="1" branch="true" condition-coverage="100% (2/2)"/>
						<line number="144" hits="1"/>
						<line number="146" hits="1"/>
						<line number="154" hits="1"/>
						<line number="155" hits="1"/>
						<line number="185" hits="1"/>
						<line number="193" hits="1"/>
						<line number="230" hits="1" branch="true" condition-coverage="100% (2/2)"/>
						<line number="231" hits="1"/>
						<line number="240" hits="1" branch="true" condition-coverage="100% (2/2)"/>
						<line number="241" hits="1"/>
						<line number="251" hits="1"/>
						<line number="259" hits="1"/>
						<line number="271" hits="1"/>
						<line number="273" hits="1" branch="true" condition-coverage="50% (1/2)" missing-branches="276"/>
						<line number="274" hits="1"/>
						<line number="276" hits="1"/>
						<line number="277" hits="1"/>
						<line number="278" hits="1"/>
						<line number="281" hits="1"/>
						<line number="284" hits="1"/>
						<line number="290" hits="1" branch="true" condition-coverage="100% (2/2)"/>
						<line number="291" hits="1"/>
						<line number="293" hits="1"/>
						<line number="295" hits="1" branch="true" condition-coverage="100% (2/2)"/>
						<line number="296" hits="1"/>
						<line number="306" hits="1" branch="true" condition-coverage="50% (1/2)" missing-branches="320"/>
						<line number="307" hits="1" branch="true" condition-coverage="100% (2/2)"/>
						<line number="308" hits="1"/>
						<line number="309" hits="1"/>
						<line number="310" hits="1"/>
						<line number="320" hits="1"/>
						<line number="321" hits="1"/>
						<line number="322" hits="1"/>
						<line number="325" hits="1"/>
						<line number="335" hits="1" branch="true" condition-coverage="50% (1/2)" missing-branches="347"/>
						<line number="336" hits="1" branch="true" condition-coverage="100% (2/2)"/>
						<line number="337" hits="1"/>
						<line number="347" hits="1"/>
						<line number="348" hits="1"/>
						<line number="349" hits="1"/>
						<line number="351" hits="1" branch="true" condition-coverage="100% (2/2)"/>
						<line number="352" hits="1"/>
						<line number="353" hits="1"/>
						<line number="355" hits="1"/>
						<line number="356" hits="1"/>
						<line number="358" hits="1"/>
						<line number="368" hits="1"/>
						<line number="369" hits="1"/>
						<line number="371" hits="1" branch="true" condition-coverage="50% (1/2)" missing-branches="375"/>
						<line number="372" hits="1"/>
						<line number="375" hits="1"/>
						<line number="376" hits="1"/>
						<line number="379" hits="1"/>
						<line number="386" hits="1" branch="true" condition-coverage="100% (2/2)"/>
						<line number="387" hits="1"/>
						<line number="388" hits="1"/>
						<line number="389" hits="1"/>
						<line number="391" hits="1"/>
						<line number="402" hits="1" branch="true" condition-coverage="50% (1/2)" missing-branches="386"/>
						<line number="403" hits="1"/>
						<line number="404" hits="1"/>
						<line number="406" hits="1"/>
						<line number="415" hits="1"/>
						<line number="416" hits="1"/>
						<line number="417" hits="1"/>
						<line number="419" hits="1" branch="true" condition-coverage="50% (1/2)" missing-branches="421"/>
						<line number="420" hits="1"/>
						<line number="421" hits="1"/>
						<line number="424" hits="1"/>
						<line number="430" hits="1"/>
						<line number="431" hits="1"/>
						<line number="433" hits="1"/>
						<line number="459" hits="1" branch="true" condition-coverage="100% (2/2)"/>
						<line number="460" hits="1"/>
						<line number="462" hits="1"/>
						<line number="464" hits="1" branch="true" condition-coverage="50% (1/2)" missing-branches="468"/>
						<line number="465" hits="1"/>
						<line number="468" hits="1"/>
						<line number="469" hits="1"/>
						<line number="471" hits="1" branch="true" condition-coverage="100% (2/2)"/>
						<line number="472" hits="1"/>
						<line number="473" hits="1" branch="true" condition-coverage="50% (1/2)" missing-branches="480"/>
						<line number="475" hits="1"/>
						<line number="480" hits="0"/>
						<line number="485" hits="1" branch="true" condition-coverage="50% (1/2)" missing-branches="521"/>
						<line number="486" hits="1"/>
						<line number="487" hits="1"/>
						<line number="489" hits="1"/>
						<line number="494" hits="1"/>
						<line number="504" hits="1" branch="true" condition-coverage="100% (2/2)"/>
						<line number="505" hits="1"/>
						<line number="506" hits="1"/>
						<line number="516" hits="1"/>
						<line number="517" hits="1"/>
						<line number="518" hits="1"/>
						<line number="519" hits="1"/>
						<line number="521" hits="1" branch="true" condition-coverage="50% (1/2)" missing-branches="524"/>
						<line number="522" hits="1"/>
						<line number="523" hits="1"/>
						<line number="524" hits="1"/>
						<line number="526" hits="1"/>
						<line number="527" hits="1"/>
					</lines>
				</class>
				<class name="cv.py" filename="src/temporalcv/viz/cv.py" complexity="0" line-rate="0.963" branch-rate="0.75">
					<methods/>
					<lines>
						<line number="18" hits="1"/>
						<line number="20" hits="1"/>
						<line number="22" hits="1"/>
						<line number="23" hits="1"/>
						<line number="25" hits="1"/>
						<line number="26" hits="1"/>
						<line number="35" hits="1"/>
						<line number="38" hits="1"/>
						<line number="88" hits="1"/>
						<line number="96" hits="1"/>
						<line number="97" hits="1"/>
						<line number="98" hits="1"/>
						<line number="101" hits="1" branch="true" condition-coverage="100% (2/2)"/>
						<line number="102" hits="1"/>
						<line number="104" hits="1"/>
						<line number="105" hits="1"/>
						<line number="107" hits="1"/>
						<line number="109" hits="1"/>
						<line number="110" hits="1"/>
						<line number="143" hits="1"/>
						<line number="144" hits="1"/>
						<line number="145" hits="1"/>
						<line number="147" hits="1" branch="true" condition-coverage="100% (2/2)"/>
						<line number="148" hits="1"/>
						<line number="149" hits="1"/>
						<line number="152" hits="1" branch="true" condition-coverage="50% (1/2)" missing-branches="160"/>
						<line number="153" hits="1"/>
						<line number="154" hits="1"/>
						<line number="155" hits="1" branch="true" condition-coverage="100% (2/2)"/>
						<line number="156" hits="1"/>
						<line number="158" hits="1"/>
						<line number="160" hits="0"/>
						<line number="163" hits="1"/>
						<line number="165" hits="1"/>
						<line number="172" hits="1"/>
						<line number="173" hits="1"/>
						<line number="199" hits="1"/>
						<line number="200" hits="1"/>
						<line number="202" hits="1"/>
						<line number="203" hits="1" branch="true" condition-coverage="100% (2/2)"/>
						<line number="204" hits="1" branch="true" condition-coverage="50% (1/2)" missing-branches="212"/>
						<line number="205" hits="1"/>
						<line number="206" hits="1"/>
						<line number="207" hits="1" branch="true" condition-coverage="50% (1/2)" missing-branches="208"/>
						<line number="208" hits="0"/>
						<line number="210" hits="1"/>
						<line number="212" hits="0"/>
						<line number="214" hits="1"/>
						<line number="216" hits="1"/>
						<line number="223" hits="1"/>
						<line number="259" hits="1"/>
						<line number="261" hits="1" branch="true" condition-coverage="100% (2/2)"/>
						<line number="262" hits="1"/>
						<line number="265" hits="1" branch="true" condition-coverage="100% (2/2)"/>
						<line number="266" hits="1"/>
						<line number="268" hits="1"/>
						<line number="269" hits="1"/>
						<line number="272" hits="1" branch="true" condition-coverage="50% (1/2)" missing-branches="285"/>
						<line number="273" hits="1"/>
						<line number="285" hits="1" branch="true" condition-coverage="100% (2/2)"/>
						<line number="286" hits="1"/>
						<line number="287" hits="1"/>
						<line number="299" hits="1" branch="true" condition-coverage="50% (1/2)" missing-branches="312"/>
						<line number="300" hits="1"/>
						<line number="312" hits="1" branch="true" condition-coverage="50% (1/2)" missing-branches="265"/>
						<line number="314" hits="1"/>
						<line number="326" hits="1" branch="true" condition-coverage="50% (1/2)" missing-branches="265"/>
						<line number="327" hits="1"/>
						<line number="340" hits="1"/>
						<line number="341" hits="1"/>
						<line number="342" hits="1"/>
						<line number="344" hits="1"/>
						<line number="346" hits="1" branch="true" condition-coverage="100% (2/2)"/>
						<line number="347" hits="1"/>
						<line number="348" hits="1"/>
						<line number="349" hits="1"/>
						<line number="352" hits="1"/>
						<line number="353" hits="1" branch="true" condition-coverage="50% (1/2)" missing-branches="363"/>
						<line number="354" hits="1"/>
						<line number="363" hits="1"/>
						<line number="364" hits="1"/>
					</lines>
				</class>
				<class name="gateplots.py" filename="src/temporalcv/viz/gateplots.py" complexity="0" line-rate="1" branch-rate="1">
					<methods/>
					<lines>
						<line number="16" hits="1"/>
						<line number="18" hits="1"/>
						<line number="20" hits="1"/>
						<line number="22" hits="1"/>
						<line number="24" hits="1"/>
						<line number="30" hits="1"/>
						<line number="72" hits="1"/>
						<line number="73" hits="1"/>
						<line number="74" hits="1"/>
						<line number="77" hits="1"/>
						<line number="127" hits="1" branch="true" condition-coverage="100% (2/2)"/>
						<line number="129" hits="1"/>
						<line number="132" hits="1"/>
						<line number="134" hits="1"/>
						<line number="135" hits="1"/>
					</lines>
				</class>
				<class name="gates.py" filename="src/temporalcv/viz/gates.py" complexity="0" line-rate="1" branch-rate="0.8077">
					<methods/>
					<lines>
						<line number="17" hits="1"/>
						<line number="19" hits="1"/>
						<line number="21" hits="1"/>
						<line number="22" hits="1"/>
						<line number="24" hits="1"/>
						<line number="25" hits="1"/>
						<line number="32" hits="1"/>
						<line number="35" hits="1"/>
						<line number="74" hits="1"/>
						<line number="82" hits="1"/>
						<line number="83" hits="1"/>
						<line number="84" hits="1"/>
						<line number="85" hits="1"/>
						<line number="87" hits="1"/>
						<line number="88" hits="1"/>
						<line number="108" hits="1"/>
						<line number="109" hits="1" branch="true" condition-coverage="50% (1/2)" missing-branches="113"/>
						<line number="110" hits="1"/>
						<line number="113" hits="1"/>
						<line number="114" hits="1" branch="true" condition-coverage="100% (2/2)"/>
						<line number="115" hits="1"/>
						<line number="117" hits="1"/>
						<line number="124" hits="1"/>
						<line number="148" hits="1"/>
						<line number="150" hits="1" branch="true" condition-coverage="50% (1/2)" missing-branches="154"/>
						<line number="151" hits="1"/>
						<line number="154" hits="1"/>
						<line number="159" hits="1"/>
						<line number="162" hits="1"/>
						<line number="165" hits="1"/>
						<line number="177" hits="1"/>
						<line number="188" hits="1" branch="true" condition-coverage="50% (1/2)" missing-branches="203"/>
						<line number="190" hits="1"/>
						<line number="191" hits="1"/>
						<line number="203" hits="1"/>
						<line number="204" hits="1"/>
						<line number="205" hits="1"/>
						<line number="207" hits="1"/>
						<line number="208" hits="1"/>
						<line number="211" hits="1"/>
						<line number="248" hits="1"/>
						<line number="254" hits="1"/>
						<line number="255" hits="1"/>
						<line number="256" hits="1"/>
						<line number="257" hits="1"/>
						<line number="259" hits="1"/>
						<line number="260" hits="1"/>
						<line number="274" hits="1"/>
						<line number="275" hits="1"/>
						<line number="276" hits="1"/>
						<line number="278" hits="1" branch="true" condition-coverage="100% (2/2)"/>
						<line number="279" hits="1"/>
						<line number="280" hits="1"/>
						<line number="281" hits="1" branch="true" condition-coverage="50% (1/2)" missing-branches="283"/>
						<line number="282" hits="1"/>
						<line number="283" hits="1"/>
						<line number="284" hits="1"/>
						<line number="286" hits="1"/>
						<line number="288" hits="1"/>
						<line number="289" hits="1"/>
						<line number="303" hits="1"/>
						<line number="305" hits="1"/>
						<line number="336" hits="1" branch="true" condition-coverage="100% (2/2)"/>
						<line number="337" hits="1"/>
						<line number="339" hits="1"/>
						<line number="341" hits="1"/>
						<line number="343" hits="1" branch="true" condition-coverage="50% (1/2)" missing-branches="347"/>
						<line number="344" hits="1"/>
						<line number="347" hits="1"/>
						<line number="353" hits="1" branch="true" condition-coverage="100% (2/2)"/>
						<line number="355" hits="1"/>
						<line number="356" hits="1"/>
						<line number="358" hits="1" branch="true" condition-coverage="100% (2/2)"/>
						<line number="359" hits="1"/>
						<line number="361" hits="1"/>
						<line number="371" hits="1"/>
						<line number="383" hits="1"/>
						<line number="394" hits="1"/>
						<line number="395" hits="1"/>
						<line number="396" hits="1"/>
						<line number="397" hits="1"/>
						<line number="401" hits="1" branch="true" condition-coverage="100% (2/2)"/>
						<line number="402" hits="1"/>
						<line number="403" hits="1"/>
						<line number="405" hits="1"/>
						<line number="415" hits="1"/>
						<line number="427" hits="1"/>
						<line number="437" hits="1"/>
						<line number="438" hits="1"/>
						<line number="439" hits="1"/>
						<line number="440" hits="1"/>
						<line number="443" hits="1" branch="true" condition-coverage="100% (2/2)"/>
						<line number="444" hits="1"/>
						<line number="447" hits="1" branch="true" condition-coverage="100% (2/2)"/>
						<line number="448" hits="1"/>
						<line number="450" hits="1"/>
						<line number="451" hits="1"/>
					</lines>
				</class>
				<class name="intervals.py" filename="src/temporalcv/viz/intervals.py" complexity="0" line-rate="0.9851" branch-rate="0.6111">
					<methods/>
					<lines>
						<line number="19" hits="1"/>
						<line number="21" hits="1"/>
						<line number="23" hits="1"/>
						<line number="24" hits="1"/>
						<line number="26" hits="1"/>
						<line number="27" hits="1"/>
						<line number="35" hits="1"/>
						<line number="38" hits="1"/>
						<line number="85" hits="1"/>
						<line number="86" hits="1"/>
						<line number="88" hits="1"/>
						<line number="98" hits="1"/>
						<line number="99" hits="1"/>
						<line number="100" hits="1"/>
						<line number="101" hits="1"/>
						<line number="102" hits="1"/>
						<line number="103" hits="1"/>
						<line number="106" hits="1" branch="true" condition-coverage="100% (2/2)"/>
						<line number="107" hits="1"/>
						<line number="108" hits="1"/>
						<line number="109" hits="1"/>
						<line number="111" hits="1"/>
						<line number="112" hits="1"/>
						<line number="114" hits="1"/>
						<line number="115" hits="1"/>
						<line number="144" hits="1"/>
						<line number="153" hits="1"/>
						<line number="154" hits="1"/>
						<line number="187" hits="1"/>
						<line number="196" hits="1"/>
						<line number="229" hits="1"/>
						<line number="231" hits="1" branch="true" condition-coverage="50% (1/2)" missing-branches="235"/>
						<line number="232" hits="1"/>
						<line number="235" hits="1"/>
						<line number="246" hits="1" branch="true" condition-coverage="50% (1/2)" missing-branches="256"/>
						<line number="247" hits="1"/>
						<line number="256" hits="1" branch="true" condition-coverage="50% (1/2)" missing-branches="292"/>
						<line number="257" hits="1" branch="true" condition-coverage="50% (1/2)" missing-branches="282"/>
						<line number="259" hits="1"/>
						<line number="260" hits="1"/>
						<line number="269" hits="1"/>
						<line number="270" hits="1" branch="true" condition-coverage="50% (1/2)" missing-branches="292"/>
						<line number="271" hits="1"/>
						<line number="282" hits="0"/>
						<line number="292" hits="1"/>
						<line number="295" hits="1" branch="true" condition-coverage="100% (2/2)"/>
						<line number="296" hits="1"/>
						<line number="297" hits="1"/>
						<line number="298" hits="1"/>
						<line number="301" hits="1"/>
						<line number="307" hits="1"/>
						<line number="308" hits="1"/>
						<line number="310" hits="1"/>
						<line number="336" hits="1"/>
						<line number="338" hits="1" branch="true" condition-coverage="50% (1/2)" missing-branches="341"/>
						<line number="339" hits="1"/>
						<line number="341" hits="1"/>
						<line number="344" hits="1"/>
						<line number="354" hits="1"/>
						<line number="355" hits="1"/>
						<line number="363" hits="1"/>
						<line number="372" hits="1"/>
						<line number="374" hits="1" branch="true" condition-coverage="50% (1/2)" missing-branches="376"/>
						<line number="375" hits="1"/>
						<line number="376" hits="1"/>
						<line number="378" hits="1"/>
						<line number="379" hits="1"/>
					</lines>
				</class>
				<class name="tsplots.py" filename="src/temporalcv/viz/tsplots.py" complexity="0" line-rate="1" branch-rate="1">
					<methods/>
					<lines>
						<line number="22" hits="1"/>
						<line number="24" hits="1"/>
						<line number="26" hits="1"/>
						<line number="27" hits="1"/>
						<line number="29" hits="1"/>
						<line number="30" hits="1"/>
						<line number="31" hits="1"/>
						<line number="33" hits="1"/>
						<line number="41" hits="1"/>
						<line number="91" hits="1"/>
						<line number="92" hits="1"/>
						<line number="93" hits="1"/>
						<line number="96" hits="1"/>
						<line number="149" hits="1"/>
						<line number="150" hits="1"/>
						<line number="151" hits="1"/>
						<line number="154" hits="1"/>
						<line number="199" hits="1"/>
						<line number="200" hits="1"/>
						<line number="201" hits="1"/>
						<line number="204" hits="1"/>
						<line number="251" hits="1"/>
						<line number="252" hits="1"/>
						<line number="253" hits="1"/>
					</lines>
				</class>
			</classes>
		</package>
	</packages>
</coverage>
